{"C:\\Users\\User\\StellPoker\\app\\src\\lib\\alias-store.ts": {"path":"C:\\Users\\User\\StellPoker\\app\\src\\lib\\alias-store.ts","statementMap":{"0":{"start":{"line":8,"column":23},"end":{"line":8,"column":null}},"1":{"start":{"line":9,"column":25},"end":{"line":9,"column":null}},"2":{"start":{"line":12,"column":2},"end":{"line":12,"column":null}},"3":{"start":{"line":16,"column":2},"end":{"line":16,"column":null}},"4":{"start":{"line":16,"column":37},"end":{"line":16,"column":null}},"5":{"start":{"line":17,"column":2},"end":{"line":21,"column":null}},"6":{"start":{"line":18,"column":4},"end":{"line":18,"column":null}},"7":{"start":{"line":20,"column":4},"end":{"line":20,"column":null}},"8":{"start":{"line":25,"column":2},"end":{"line":25,"column":null}},"9":{"start":{"line":25,"column":37},"end":{"line":25,"column":null}},"10":{"start":{"line":26,"column":18},"end":{"line":26,"column":null}},"11":{"start":{"line":27,"column":2},"end":{"line":35,"column":null}},"12":{"start":{"line":28,"column":4},"end":{"line":32,"column":null}},"13":{"start":{"line":29,"column":6},"end":{"line":29,"column":null}},"14":{"start":{"line":31,"column":6},"end":{"line":31,"column":null}}},"fnMap":{"0":{"name":"storageKey","decl":{"start":{"line":11,"column":9},"end":{"line":11,"column":20}},"loc":{"start":{"line":11,"column":45},"end":{"line":13,"column":null}},"line":11},"1":{"name":"getAlias","decl":{"start":{"line":15,"column":16},"end":{"line":15,"column":25}},"loc":{"start":{"line":15,"column":57},"end":{"line":22,"column":null}},"line":15},"2":{"name":"setAlias","decl":{"start":{"line":24,"column":16},"end":{"line":24,"column":25}},"loc":{"start":{"line":24,"column":63},"end":{"line":36,"column":null}},"line":24}},"branchMap":{"0":{"loc":{"start":{"line":16,"column":2},"end":{"line":16,"column":null}},"type":"if","locations":[{"start":{"line":16,"column":2},"end":{"line":16,"column":null}},{"start":{},"end":{}}],"line":16},"1":{"loc":{"start":{"line":25,"column":2},"end":{"line":25,"column":null}},"type":"if","locations":[{"start":{"line":25,"column":2},"end":{"line":25,"column":null}},{"start":{},"end":{}}],"line":25},"2":{"loc":{"start":{"line":28,"column":4},"end":{"line":32,"column":null}},"type":"if","locations":[{"start":{"line":28,"column":4},"end":{"line":32,"column":null}},{"start":{"line":30,"column":11},"end":{"line":32,"column":null}}],"line":28}},"s":{"0":0,"1":0,"2":0,"3":0,"4":0,"5":0,"6":0,"7":0,"8":0,"9":0,"10":0,"11":0,"12":0,"13":0,"14":0},"f":{"0":0,"1":0,"2":0},"b":{"0":[0,0],"1":[0,0],"2":[0,0]},"meta":{"lastBranch":3,"lastFunction":3,"lastStatement":15,"seen":{"s:8:23:8:Infinity":0,"s:9:25:9:Infinity":1,"f:11:9:11:20":0,"s:12:2:12:Infinity":2,"f:15:16:15:25":1,"b:16:2:16:Infinity:undefined:undefined:undefined:undefined":0,"s:16:2:16:Infinity":3,"s:16:37:16:Infinity":4,"s:17:2:21:Infinity":5,"s:18:4:18:Infinity":6,"s:20:4:20:Infinity":7,"f:24:16:24:25":2,"b:25:2:25:Infinity:undefined:undefined:undefined:undefined":1,"s:25:2:25:Infinity":8,"s:25:37:25:Infinity":9,"s:26:18:26:Infinity":10,"s:27:2:35:Infinity":11,"b:28:4:32:Infinity:30:11:32:Infinity":2,"s:28:4:32:Infinity":12,"s:29:6:29:Infinity":13,"s:31:6:31:Infinity":14},"fnNames":{}}}
,"C:\\Users\\User\\StellPoker\\app\\src\\lib\\api.ts": {"path":"C:\\Users\\User\\StellPoker\\app\\src\\lib\\api.ts","statementMap":{"0":{"start":{"line":1,"column":17},"end":{"line":1,"column":null}},"1":{"start":{"line":2,"column":26},"end":{"line":2,"column":null}},"2":{"start":{"line":3,"column":36},"end":{"line":3,"column":null}},"3":{"start":{"line":6,"column":2},"end":{"line":6,"column":null}},"4":{"start":{"line":6,"column":27},"end":{"line":6,"column":null}},"5":{"start":{"line":7,"column":12},"end":{"line":7,"column":null}},"6":{"start":{"line":8,"column":2},"end":{"line":8,"column":null}},"7":{"start":{"line":8,"column":46},"end":{"line":8,"column":null}},"8":{"start":{"line":9,"column":2},"end":{"line":9,"column":null}},"9":{"start":{"line":9,"column":47},"end":{"line":9,"column":null}},"10":{"start":{"line":10,"column":2},"end":{"line":10,"column":null}},"11":{"start":{"line":13,"column":30},"end":{"line":13,"column":null}},"12":{"start":{"line":122,"column":16},"end":{"line":122,"column":null}},"13":{"start":{"line":125,"column":2},"end":{"line":136,"column":null}},"14":{"start":{"line":126,"column":17},"end":{"line":126,"column":null}},"15":{"start":{"line":127,"column":4},"end":{"line":127,"column":null}},"16":{"start":{"line":127,"column":15},"end":{"line":127,"column":null}},"17":{"start":{"line":128,"column":4},"end":{"line":133,"column":null}},"18":{"start":{"line":129,"column":19},"end":{"line":129,"column":null}},"19":{"start":{"line":130,"column":6},"end":{"line":130,"column":null}},"20":{"start":{"line":132,"column":6},"end":{"line":132,"column":null}},"21":{"start":{"line":135,"column":4},"end":{"line":135,"column":null}},"22":{"start":{"line":140,"column":14},"end":{"line":140,"column":null}},"23":{"start":{"line":141,"column":2},"end":{"line":145,"column":null}},"24":{"start":{"line":142,"column":4},"end":{"line":142,"column":null}},"25":{"start":{"line":144,"column":4},"end":{"line":144,"column":null}},"26":{"start":{"line":146,"column":2},"end":{"line":146,"column":null}},"27":{"start":{"line":156,"column":2},"end":{"line":156,"column":null}},"28":{"start":{"line":164,"column":16},"end":{"line":164,"column":null}},"29":{"start":{"line":165,"column":20},"end":{"line":165,"column":null}},"30":{"start":{"line":166,"column":18},"end":{"line":166,"column":null}},"31":{"start":{"line":167,"column":20},"end":{"line":167,"column":null}},"32":{"start":{"line":169,"column":2},"end":{"line":174,"column":null}},"33":{"start":{"line":178,"column":2},"end":{"line":180,"column":null}},"34":{"start":{"line":187,"column":17},"end":{"line":187,"column":null}},"35":{"start":{"line":188,"column":2},"end":{"line":190,"column":null}},"36":{"start":{"line":189,"column":4},"end":{"line":189,"column":null}},"37":{"start":{"line":191,"column":2},"end":{"line":194,"column":null}},"38":{"start":{"line":204,"column":2},"end":{"line":212,"column":null}},"39":{"start":{"line":205,"column":28},"end":{"line":208,"column":null}},"40":{"start":{"line":209,"column":4},"end":{"line":211,"column":null}},"41":{"start":{"line":210,"column":6},"end":{"line":210,"column":null}},"42":{"start":{"line":214,"column":24},"end":{"line":214,"column":null}},"43":{"start":{"line":215,"column":2},"end":{"line":215,"column":null}},"44":{"start":{"line":223,"column":14},"end":{"line":232,"column":null}},"45":{"start":{"line":233,"column":2},"end":{"line":235,"column":null}},"46":{"start":{"line":234,"column":4},"end":{"line":234,"column":null}},"47":{"start":{"line":236,"column":2},"end":{"line":236,"column":null}},"48":{"start":{"line":249,"column":6},"end":{"line":252,"column":null}},"49":{"start":{"line":253,"column":2},"end":{"line":255,"column":null}},"50":{"start":{"line":254,"column":4},"end":{"line":254,"column":null}},"51":{"start":{"line":257,"column":14},"end":{"line":269,"column":null}},"52":{"start":{"line":270,"column":2},"end":{"line":272,"column":null}},"53":{"start":{"line":271,"column":4},"end":{"line":271,"column":null}},"54":{"start":{"line":273,"column":2},"end":{"line":273,"column":null}},"55":{"start":{"line":280,"column":14},"end":{"line":288,"column":null}},"56":{"start":{"line":289,"column":2},"end":{"line":291,"column":null}},"57":{"start":{"line":290,"column":4},"end":{"line":290,"column":null}},"58":{"start":{"line":292,"column":2},"end":{"line":292,"column":null}},"59":{"start":{"line":296,"column":14},"end":{"line":296,"column":null}},"60":{"start":{"line":297,"column":2},"end":{"line":299,"column":null}},"61":{"start":{"line":298,"column":4},"end":{"line":298,"column":null}},"62":{"start":{"line":300,"column":2},"end":{"line":300,"column":null}},"63":{"start":{"line":304,"column":14},"end":{"line":304,"column":null}},"64":{"start":{"line":305,"column":2},"end":{"line":307,"column":null}},"65":{"start":{"line":306,"column":4},"end":{"line":306,"column":null}},"66":{"start":{"line":308,"column":2},"end":{"line":308,"column":null}},"67":{"start":{"line":314,"column":14},"end":{"line":314,"column":null}},"68":{"start":{"line":315,"column":2},"end":{"line":317,"column":null}},"69":{"start":{"line":316,"column":4},"end":{"line":316,"column":null}},"70":{"start":{"line":318,"column":2},"end":{"line":318,"column":null}},"71":{"start":{"line":326,"column":14},"end":{"line":331,"column":null}},"72":{"start":{"line":332,"column":2},"end":{"line":334,"column":null}},"73":{"start":{"line":333,"column":4},"end":{"line":333,"column":null}},"74":{"start":{"line":335,"column":2},"end":{"line":335,"column":null}},"75":{"start":{"line":342,"column":14},"end":{"line":347,"column":null}},"76":{"start":{"line":348,"column":2},"end":{"line":350,"column":null}},"77":{"start":{"line":349,"column":4},"end":{"line":349,"column":null}},"78":{"start":{"line":351,"column":2},"end":{"line":351,"column":null}},"79":{"start":{"line":360,"column":14},"end":{"line":372,"column":null}},"80":{"start":{"line":373,"column":2},"end":{"line":375,"column":null}},"81":{"start":{"line":374,"column":4},"end":{"line":374,"column":null}},"82":{"start":{"line":376,"column":2},"end":{"line":376,"column":null}},"83":{"start":{"line":384,"column":14},"end":{"line":390,"column":null}},"84":{"start":{"line":391,"column":2},"end":{"line":393,"column":null}},"85":{"start":{"line":392,"column":4},"end":{"line":392,"column":null}},"86":{"start":{"line":394,"column":2},"end":{"line":394,"column":null}},"87":{"start":{"line":400,"column":14},"end":{"line":400,"column":null}},"88":{"start":{"line":401,"column":2},"end":{"line":403,"column":null}},"89":{"start":{"line":402,"column":4},"end":{"line":402,"column":null}},"90":{"start":{"line":404,"column":2},"end":{"line":404,"column":null}},"91":{"start":{"line":410,"column":17},"end":{"line":410,"column":null}},"92":{"start":{"line":411,"column":2},"end":{"line":418,"column":null}},"93":{"start":{"line":412,"column":4},"end":{"line":415,"column":null}},"94":{"start":{"line":417,"column":4},"end":{"line":417,"column":null}},"95":{"start":{"line":422,"column":14},"end":{"line":422,"column":null}},"96":{"start":{"line":423,"column":2},"end":{"line":423,"column":null}},"97":{"start":{"line":423,"column":15},"end":{"line":423,"column":null}},"98":{"start":{"line":424,"column":2},"end":{"line":424,"column":null}},"99":{"start":{"line":449,"column":14},"end":{"line":449,"column":null}},"100":{"start":{"line":450,"column":2},"end":{"line":450,"column":null}},"101":{"start":{"line":450,"column":15},"end":{"line":450,"column":null}},"102":{"start":{"line":451,"column":2},"end":{"line":451,"column":null}}},"fnMap":{"0":{"name":"parseEnvBool","decl":{"start":{"line":5,"column":9},"end":{"line":5,"column":22}},"loc":{"start":{"line":5,"column":65},"end":{"line":11,"column":null}},"line":5},"1":{"name":"readApiError","decl":{"start":{"line":124,"column":15},"end":{"line":124,"column":28}},"loc":{"start":{"line":124,"column":78},"end":{"line":137,"column":null}},"line":124},"2":{"name":"nextNonce","decl":{"start":{"line":139,"column":9},"end":{"line":139,"column":29}},"loc":{"start":{"line":139,"column":29},"end":{"line":147,"column":null}},"line":139},"3":{"name":"buildAuthMessage","decl":{"start":{"line":149,"column":9},"end":{"line":149,"column":null}},"loc":{"start":{"line":155,"column":10},"end":{"line":157,"column":null}},"line":155},"4":{"name":"buildAuthHeaders","decl":{"start":{"line":159,"column":15},"end":{"line":159,"column":null}},"loc":{"start":{"line":163,"column":35},"end":{"line":175,"column":null}},"line":163},"5":{"name":"buildInsecureHeaders","decl":{"start":{"line":177,"column":9},"end":{"line":177,"column":30}},"loc":{"start":{"line":177,"column":72},"end":{"line":181,"column":null}},"line":177},"6":{"name":"withMergedHeaders","decl":{"start":{"line":183,"column":9},"end":{"line":183,"column":null}},"loc":{"start":{"line":186,"column":15},"end":{"line":195,"column":null}},"line":186},"7":{"name":"authedFetch","decl":{"start":{"line":197,"column":15},"end":{"line":197,"column":null}},"loc":{"start":{"line":203,"column":21},"end":{"line":216,"column":null}},"line":203},"8":{"name":"requestDeal","decl":{"start":{"line":218,"column":22},"end":{"line":218,"column":null}},"loc":{"start":{"line":222,"column":25},"end":{"line":237,"column":null}},"line":222},"9":{"name":"createTable","decl":{"start":{"line":239,"column":22},"end":{"line":239,"column":null}},"loc":{"start":{"line":244,"column":32},"end":{"line":274,"column":null}},"line":244},"10":{"name":"joinTable","decl":{"start":{"line":276,"column":22},"end":{"line":276,"column":null}},"loc":{"start":{"line":279,"column":30},"end":{"line":293,"column":null}},"line":279},"11":{"name":"listOpenTables","decl":{"start":{"line":295,"column":22},"end":{"line":295,"column":68}},"loc":{"start":{"line":295,"column":68},"end":{"line":301,"column":null}},"line":295},"12":{"name":"getChainConfig","decl":{"start":{"line":303,"column":22},"end":{"line":303,"column":69}},"loc":{"start":{"line":303,"column":69},"end":{"line":309,"column":null}},"line":303},"13":{"name":"getTableLobby","decl":{"start":{"line":311,"column":22},"end":{"line":311,"column":null}},"loc":{"start":{"line":313,"column":31},"end":{"line":319,"column":null}},"line":313},"14":{"name":"requestReveal","decl":{"start":{"line":321,"column":22},"end":{"line":321,"column":null}},"loc":{"start":{"line":325,"column":27},"end":{"line":336,"column":null}},"line":325},"15":{"name":"requestShowdown","decl":{"start":{"line":338,"column":22},"end":{"line":338,"column":null}},"loc":{"start":{"line":341,"column":29},"end":{"line":352,"column":null}},"line":341},"16":{"name":"playerAction","decl":{"start":{"line":354,"column":22},"end":{"line":354,"column":null}},"loc":{"start":{"line":359,"column":33},"end":{"line":377,"column":null}},"line":359},"17":{"name":"getPlayerCards","decl":{"start":{"line":379,"column":22},"end":{"line":379,"column":null}},"loc":{"start":{"line":383,"column":32},"end":{"line":395,"column":null}},"line":383},"18":{"name":"getTableState","decl":{"start":{"line":397,"column":22},"end":{"line":397,"column":null}},"loc":{"start":{"line":399,"column":31},"end":{"line":405,"column":null}},"line":399},"19":{"name":"getParsedTableState","decl":{"start":{"line":407,"column":22},"end":{"line":407,"column":null}},"loc":{"start":{"line":409,"column":37},"end":{"line":419,"column":null}},"line":409},"20":{"name":"getCommitteeStatus","decl":{"start":{"line":421,"column":22},"end":{"line":421,"column":77}},"loc":{"start":{"line":421,"column":77},"end":{"line":425,"column":null}},"line":421},"21":{"name":"getStats","decl":{"start":{"line":448,"column":22},"end":{"line":448,"column":57}},"loc":{"start":{"line":448,"column":57},"end":{"line":452,"column":null}},"line":448}},"branchMap":{"0":{"loc":{"start":{"line":1,"column":17},"end":{"line":1,"column":null}},"type":"binary-expr","locations":[{"start":{"line":1,"column":17},"end":{"line":1,"column":60}},{"start":{"line":1,"column":60},"end":{"line":1,"column":null}}],"line":1},"1":{"loc":{"start":{"line":6,"column":2},"end":{"line":6,"column":null}},"type":"if","locations":[{"start":{"line":6,"column":2},"end":{"line":6,"column":null}},{"start":{},"end":{}}],"line":6},"2":{"loc":{"start":{"line":8,"column":2},"end":{"line":8,"column":null}},"type":"if","locations":[{"start":{"line":8,"column":2},"end":{"line":8,"column":null}},{"start":{},"end":{}}],"line":8},"3":{"loc":{"start":{"line":9,"column":2},"end":{"line":9,"column":null}},"type":"if","locations":[{"start":{"line":9,"column":2},"end":{"line":9,"column":null}},{"start":{},"end":{}}],"line":9},"4":{"loc":{"start":{"line":13,"column":30},"end":{"line":13,"column":null}},"type":"binary-expr","locations":[{"start":{"line":13,"column":30},"end":{"line":13,"column":65}},{"start":{"line":13,"column":65},"end":{"line":13,"column":null}}],"line":13},"5":{"loc":{"start":{"line":127,"column":4},"end":{"line":127,"column":null}},"type":"if","locations":[{"start":{"line":127,"column":4},"end":{"line":127,"column":null}},{"start":{},"end":{}}],"line":127},"6":{"loc":{"start":{"line":130,"column":13},"end":{"line":130,"column":null}},"type":"binary-expr","locations":[{"start":{"line":130,"column":13},"end":{"line":130,"column":27}},{"start":{"line":130,"column":27},"end":{"line":130,"column":43}},{"start":{"line":130,"column":43},"end":{"line":130,"column":null}}],"line":130},"7":{"loc":{"start":{"line":141,"column":2},"end":{"line":145,"column":null}},"type":"if","locations":[{"start":{"line":141,"column":2},"end":{"line":145,"column":null}},{"start":{"line":143,"column":9},"end":{"line":145,"column":null}}],"line":141},"8":{"loc":{"start":{"line":204,"column":2},"end":{"line":212,"column":null}},"type":"if","locations":[{"start":{"line":204,"column":2},"end":{"line":212,"column":null}},{"start":{},"end":{}}],"line":204},"9":{"loc":{"start":{"line":209,"column":4},"end":{"line":211,"column":null}},"type":"if","locations":[{"start":{"line":209,"column":4},"end":{"line":211,"column":null}},{"start":{},"end":{}}],"line":209},"10":{"loc":{"start":{"line":220,"column":2},"end":{"line":220,"column":null}},"type":"default-arg","locations":[{"start":{"line":220,"column":22},"end":{"line":220,"column":null}}],"line":220},"11":{"loc":{"start":{"line":233,"column":2},"end":{"line":235,"column":null}},"type":"if","locations":[{"start":{"line":233,"column":2},"end":{"line":235,"column":null}},{"start":{},"end":{}}],"line":233},"12":{"loc":{"start":{"line":242,"column":2},"end":{"line":242,"column":null}},"type":"default-arg","locations":[{"start":{"line":242,"column":9},"end":{"line":242,"column":null}}],"line":242},"13":{"loc":{"start":{"line":253,"column":2},"end":{"line":255,"column":null}},"type":"if","locations":[{"start":{"line":253,"column":2},"end":{"line":255,"column":null}},{"start":{},"end":{}}],"line":253},"14":{"loc":{"start":{"line":270,"column":2},"end":{"line":272,"column":null}},"type":"if","locations":[{"start":{"line":270,"column":2},"end":{"line":272,"column":null}},{"start":{},"end":{}}],"line":270},"15":{"loc":{"start":{"line":289,"column":2},"end":{"line":291,"column":null}},"type":"if","locations":[{"start":{"line":289,"column":2},"end":{"line":291,"column":null}},{"start":{},"end":{}}],"line":289},"16":{"loc":{"start":{"line":297,"column":2},"end":{"line":299,"column":null}},"type":"if","locations":[{"start":{"line":297,"column":2},"end":{"line":299,"column":null}},{"start":{},"end":{}}],"line":297},"17":{"loc":{"start":{"line":305,"column":2},"end":{"line":307,"column":null}},"type":"if","locations":[{"start":{"line":305,"column":2},"end":{"line":307,"column":null}},{"start":{},"end":{}}],"line":305},"18":{"loc":{"start":{"line":315,"column":2},"end":{"line":317,"column":null}},"type":"if","locations":[{"start":{"line":315,"column":2},"end":{"line":317,"column":null}},{"start":{},"end":{}}],"line":315},"19":{"loc":{"start":{"line":332,"column":2},"end":{"line":334,"column":null}},"type":"if","locations":[{"start":{"line":332,"column":2},"end":{"line":334,"column":null}},{"start":{},"end":{}}],"line":332},"20":{"loc":{"start":{"line":348,"column":2},"end":{"line":350,"column":null}},"type":"if","locations":[{"start":{"line":348,"column":2},"end":{"line":350,"column":null}},{"start":{},"end":{}}],"line":348},"21":{"loc":{"start":{"line":373,"column":2},"end":{"line":375,"column":null}},"type":"if","locations":[{"start":{"line":373,"column":2},"end":{"line":375,"column":null}},{"start":{},"end":{}}],"line":373},"22":{"loc":{"start":{"line":391,"column":2},"end":{"line":393,"column":null}},"type":"if","locations":[{"start":{"line":391,"column":2},"end":{"line":393,"column":null}},{"start":{},"end":{}}],"line":391},"23":{"loc":{"start":{"line":401,"column":2},"end":{"line":403,"column":null}},"type":"if","locations":[{"start":{"line":401,"column":2},"end":{"line":403,"column":null}},{"start":{},"end":{}}],"line":401},"24":{"loc":{"start":{"line":423,"column":2},"end":{"line":423,"column":null}},"type":"if","locations":[{"start":{"line":423,"column":2},"end":{"line":423,"column":null}},{"start":{},"end":{}}],"line":423},"25":{"loc":{"start":{"line":450,"column":2},"end":{"line":450,"column":null}},"type":"if","locations":[{"start":{"line":450,"column":2},"end":{"line":450,"column":null}},{"start":{},"end":{}}],"line":450}},"s":{"0":0,"1":0,"2":0,"3":0,"4":0,"5":0,"6":0,"7":0,"8":0,"9":0,"10":0,"11":0,"12":0,"13":0,"14":0,"15":0,"16":0,"17":0,"18":0,"19":0,"20":0,"21":0,"22":0,"23":0,"24":0,"25":0,"26":0,"27":0,"28":0,"29":0,"30":0,"31":0,"32":0,"33":0,"34":0,"35":0,"36":0,"37":0,"38":0,"39":0,"40":0,"41":0,"42":0,"43":0,"44":0,"45":0,"46":0,"47":0,"48":0,"49":0,"50":0,"51":0,"52":0,"53":0,"54":0,"55":0,"56":0,"57":0,"58":0,"59":0,"60":0,"61":0,"62":0,"63":0,"64":0,"65":0,"66":0,"67":0,"68":0,"69":0,"70":0,"71":0,"72":0,"73":0,"74":0,"75":0,"76":0,"77":0,"78":0,"79":0,"80":0,"81":0,"82":0,"83":0,"84":0,"85":0,"86":0,"87":0,"88":0,"89":0,"90":0,"91":0,"92":0,"93":0,"94":0,"95":0,"96":0,"97":0,"98":0,"99":0,"100":0,"101":0,"102":0},"f":{"0":0,"1":0,"2":0,"3":0,"4":0,"5":0,"6":0,"7":0,"8":0,"9":0,"10":0,"11":0,"12":0,"13":0,"14":0,"15":0,"16":0,"17":0,"18":0,"19":0,"20":0,"21":0},"b":{"0":[0,0],"1":[0,0],"2":[0,0],"3":[0,0],"4":[0,0],"5":[0,0],"6":[0,0,0],"7":[0,0],"8":[0,0],"9":[0,0],"10":[0],"11":[0,0],"12":[0],"13":[0,0],"14":[0,0],"15":[0,0],"16":[0,0],"17":[0,0],"18":[0,0],"19":[0,0],"20":[0,0],"21":[0,0],"22":[0,0],"23":[0,0],"24":[0,0],"25":[0,0]},"meta":{"lastBranch":26,"lastFunction":22,"lastStatement":103,"seen":{"s:1:17:1:Infinity":0,"b:1:17:1:60:1:60:1:Infinity":0,"s:2:26:2:Infinity":1,"s:3:36:3:Infinity":2,"f:5:9:5:22":0,"b:6:2:6:Infinity:undefined:undefined:undefined:undefined":1,"s:6:2:6:Infinity":3,"s:6:27:6:Infinity":4,"s:7:12:7:Infinity":5,"b:8:2:8:Infinity:undefined:undefined:undefined:undefined":2,"s:8:2:8:Infinity":6,"s:8:46:8:Infinity":7,"b:9:2:9:Infinity:undefined:undefined:undefined:undefined":3,"s:9:2:9:Infinity":8,"s:9:47:9:Infinity":9,"s:10:2:10:Infinity":10,"s:13:30:13:Infinity":11,"b:13:30:13:65:13:65:13:Infinity":4,"s:122:16:122:Infinity":12,"f:124:15:124:28":1,"s:125:2:136:Infinity":13,"s:126:17:126:Infinity":14,"b:127:4:127:Infinity:undefined:undefined:undefined:undefined":5,"s:127:4:127:Infinity":15,"s:127:15:127:Infinity":16,"s:128:4:133:Infinity":17,"s:129:19:129:Infinity":18,"s:130:6:130:Infinity":19,"b:130:13:130:27:130:27:130:43:130:43:130:Infinity":6,"s:132:6:132:Infinity":20,"s:135:4:135:Infinity":21,"f:139:9:139:29":2,"s:140:14:140:Infinity":22,"b:141:2:145:Infinity:143:9:145:Infinity":7,"s:141:2:145:Infinity":23,"s:142:4:142:Infinity":24,"s:144:4:144:Infinity":25,"s:146:2:146:Infinity":26,"f:149:9:149:Infinity":3,"s:156:2:156:Infinity":27,"f:159:15:159:Infinity":4,"s:164:16:164:Infinity":28,"s:165:20:165:Infinity":29,"s:166:18:166:Infinity":30,"s:167:20:167:Infinity":31,"s:169:2:174:Infinity":32,"f:177:9:177:30":5,"s:178:2:180:Infinity":33,"f:183:9:183:Infinity":6,"s:187:17:187:Infinity":34,"s:188:2:190:Infinity":35,"s:189:4:189:Infinity":36,"s:191:2:194:Infinity":37,"f:197:15:197:Infinity":7,"b:204:2:212:Infinity:undefined:undefined:undefined:undefined":8,"s:204:2:212:Infinity":38,"s:205:28:208:Infinity":39,"b:209:4:211:Infinity:undefined:undefined:undefined:undefined":9,"s:209:4:211:Infinity":40,"s:210:6:210:Infinity":41,"s:214:24:214:Infinity":42,"s:215:2:215:Infinity":43,"f:218:22:218:Infinity":8,"b:220:22:220:Infinity":10,"s:223:14:232:Infinity":44,"b:233:2:235:Infinity:undefined:undefined:undefined:undefined":11,"s:233:2:235:Infinity":45,"s:234:4:234:Infinity":46,"s:236:2:236:Infinity":47,"f:239:22:239:Infinity":9,"b:242:9:242:Infinity":12,"s:249:6:252:Infinity":48,"b:253:2:255:Infinity:undefined:undefined:undefined:undefined":13,"s:253:2:255:Infinity":49,"s:254:4:254:Infinity":50,"s:257:14:269:Infinity":51,"b:270:2:272:Infinity:undefined:undefined:undefined:undefined":14,"s:270:2:272:Infinity":52,"s:271:4:271:Infinity":53,"s:273:2:273:Infinity":54,"f:276:22:276:Infinity":10,"s:280:14:288:Infinity":55,"b:289:2:291:Infinity:undefined:undefined:undefined:undefined":15,"s:289:2:291:Infinity":56,"s:290:4:290:Infinity":57,"s:292:2:292:Infinity":58,"f:295:22:295:68":11,"s:296:14:296:Infinity":59,"b:297:2:299:Infinity:undefined:undefined:undefined:undefined":16,"s:297:2:299:Infinity":60,"s:298:4:298:Infinity":61,"s:300:2:300:Infinity":62,"f:303:22:303:69":12,"s:304:14:304:Infinity":63,"b:305:2:307:Infinity:undefined:undefined:undefined:undefined":17,"s:305:2:307:Infinity":64,"s:306:4:306:Infinity":65,"s:308:2:308:Infinity":66,"f:311:22:311:Infinity":13,"s:314:14:314:Infinity":67,"b:315:2:317:Infinity:undefined:undefined:undefined:undefined":18,"s:315:2:317:Infinity":68,"s:316:4:316:Infinity":69,"s:318:2:318:Infinity":70,"f:321:22:321:Infinity":14,"s:326:14:331:Infinity":71,"b:332:2:334:Infinity:undefined:undefined:undefined:undefined":19,"s:332:2:334:Infinity":72,"s:333:4:333:Infinity":73,"s:335:2:335:Infinity":74,"f:338:22:338:Infinity":15,"s:342:14:347:Infinity":75,"b:348:2:350:Infinity:undefined:undefined:undefined:undefined":20,"s:348:2:350:Infinity":76,"s:349:4:349:Infinity":77,"s:351:2:351:Infinity":78,"f:354:22:354:Infinity":16,"s:360:14:372:Infinity":79,"b:373:2:375:Infinity:undefined:undefined:undefined:undefined":21,"s:373:2:375:Infinity":80,"s:374:4:374:Infinity":81,"s:376:2:376:Infinity":82,"f:379:22:379:Infinity":17,"s:384:14:390:Infinity":83,"b:391:2:393:Infinity:undefined:undefined:undefined:undefined":22,"s:391:2:393:Infinity":84,"s:392:4:392:Infinity":85,"s:394:2:394:Infinity":86,"f:397:22:397:Infinity":18,"s:400:14:400:Infinity":87,"b:401:2:403:Infinity:undefined:undefined:undefined:undefined":23,"s:401:2:403:Infinity":88,"s:402:4:402:Infinity":89,"s:404:2:404:Infinity":90,"f:407:22:407:Infinity":19,"s:410:17:410:Infinity":91,"s:411:2:418:Infinity":92,"s:412:4:415:Infinity":93,"s:417:4:417:Infinity":94,"f:421:22:421:77":20,"s:422:14:422:Infinity":95,"b:423:2:423:Infinity:undefined:undefined:undefined:undefined":24,"s:423:2:423:Infinity":96,"s:423:15:423:Infinity":97,"s:424:2:424:Infinity":98,"f:448:22:448:57":21,"s:449:14:449:Infinity":99,"b:450:2:450:Infinity:undefined:undefined:undefined:undefined":25,"s:450:2:450:Infinity":100,"s:450:15:450:Infinity":101,"s:451:2:451:Infinity":102},"fnNames":{}}}
,"C:\\Users\\User\\StellPoker\\app\\src\\lib\\cards.ts": {"path":"C:\\Users\\User\\StellPoker\\app\\src\\lib\\cards.ts","statementMap":{"0":{"start":{"line":1,"column":14},"end":{"line":1,"column":null}},"1":{"start":{"line":2,"column":14},"end":{"line":4,"column":null}},"2":{"start":{"line":19,"column":15},"end":{"line":19,"column":null}},"3":{"start":{"line":20,"column":15},"end":{"line":20,"column":null}},"4":{"start":{"line":21,"column":44},"end":{"line":26,"column":null}},"5":{"start":{"line":27,"column":16},"end":{"line":27,"column":null}},"6":{"start":{"line":28,"column":2},"end":{"line":35,"column":null}},"7":{"start":{"line":39,"column":2},"end":{"line":39,"column":null}}},"fnMap":{"0":{"name":"decodeCard","decl":{"start":{"line":18,"column":16},"end":{"line":18,"column":27}},"loc":{"start":{"line":18,"column":52},"end":{"line":36,"column":null}},"line":18},"1":{"name":"cardBack","decl":{"start":{"line":38,"column":16},"end":{"line":38,"column":35}},"loc":{"start":{"line":38,"column":35},"end":{"line":40,"column":null}},"line":38}},"branchMap":{"0":{"loc":{"start":{"line":27,"column":16},"end":{"line":27,"column":null}},"type":"cond-expr","locations":[{"start":{"line":27,"column":59},"end":{"line":27,"column":67}},{"start":{"line":27,"column":67},"end":{"line":27,"column":null}}],"line":27},"1":{"loc":{"start":{"line":27,"column":16},"end":{"line":27,"column":59}},"type":"binary-expr","locations":[{"start":{"line":27,"column":16},"end":{"line":27,"column":37}},{"start":{"line":27,"column":37},"end":{"line":27,"column":59}}],"line":27}},"s":{"0":0,"1":0,"2":0,"3":0,"4":0,"5":0,"6":0,"7":0},"f":{"0":0,"1":0},"b":{"0":[0,0],"1":[0,0]},"meta":{"lastBranch":2,"lastFunction":2,"lastStatement":8,"seen":{"s:1:14:1:Infinity":0,"s:2:14:4:Infinity":1,"f:18:16:18:27":0,"s:19:15:19:Infinity":2,"s:20:15:20:Infinity":3,"s:21:44:26:Infinity":4,"s:27:16:27:Infinity":5,"b:27:59:27:67:27:67:27:Infinity":0,"b:27:16:27:37:27:37:27:59":1,"s:28:2:35:Infinity":6,"f:38:16:38:35":1,"s:39:2:39:Infinity":7},"fnNames":{}}}
,"C:\\Users\\User\\StellPoker\\app\\src\\lib\\dealer-lines.ts": {"path":"C:\\Users\\User\\StellPoker\\app\\src\\lib\\dealer-lines.ts","statementMap":{"0":{"start":{"line":8,"column":2},"end":{"line":8,"column":null}},"1":{"start":{"line":27,"column":8},"end":{"line":31,"column":null}},"2":{"start":{"line":28,"column":14},"end":{"line":28,"column":null}},"3":{"start":{"line":29,"column":16},"end":{"line":29,"column":null}},"4":{"start":{"line":30,"column":4},"end":{"line":30,"column":null}},"5":{"start":{"line":33,"column":2},"end":{"line":49,"column":null}},"6":{"start":{"line":34,"column":18},"end":{"line":34,"column":null}},"7":{"start":{"line":35,"column":4},"end":{"line":48,"column":null}},"8":{"start":{"line":37,"column":8},"end":{"line":37,"column":null}},"9":{"start":{"line":39,"column":8},"end":{"line":39,"column":null}},"10":{"start":{"line":41,"column":8},"end":{"line":41,"column":null}},"11":{"start":{"line":43,"column":8},"end":{"line":43,"column":null}},"12":{"start":{"line":45,"column":8},"end":{"line":45,"column":null}},"13":{"start":{"line":47,"column":8},"end":{"line":47,"column":null}},"14":{"start":{"line":51,"column":2},"end":{"line":53,"column":null}},"15":{"start":{"line":52,"column":4},"end":{"line":52,"column":null}},"16":{"start":{"line":55,"column":2},"end":{"line":57,"column":null}},"17":{"start":{"line":56,"column":4},"end":{"line":56,"column":null}},"18":{"start":{"line":58,"column":2},"end":{"line":60,"column":null}},"19":{"start":{"line":59,"column":4},"end":{"line":59,"column":null}},"20":{"start":{"line":61,"column":2},"end":{"line":63,"column":null}},"21":{"start":{"line":62,"column":4},"end":{"line":62,"column":null}},"22":{"start":{"line":64,"column":2},"end":{"line":66,"column":null}},"23":{"start":{"line":65,"column":4},"end":{"line":65,"column":null}},"24":{"start":{"line":68,"column":2},"end":{"line":70,"column":null}},"25":{"start":{"line":69,"column":4},"end":{"line":69,"column":null}},"26":{"start":{"line":72,"column":2},"end":{"line":112,"column":null}},"27":{"start":{"line":74,"column":6},"end":{"line":76,"column":null}},"28":{"start":{"line":75,"column":8},"end":{"line":75,"column":null}},"29":{"start":{"line":77,"column":6},"end":{"line":82,"column":null}},"30":{"start":{"line":78,"column":8},"end":{"line":80,"column":null}},"31":{"start":{"line":79,"column":10},"end":{"line":79,"column":null}},"32":{"start":{"line":81,"column":8},"end":{"line":81,"column":null}},"33":{"start":{"line":83,"column":6},"end":{"line":85,"column":null}},"34":{"start":{"line":84,"column":8},"end":{"line":84,"column":null}},"35":{"start":{"line":86,"column":6},"end":{"line":86,"column":null}},"36":{"start":{"line":88,"column":6},"end":{"line":88,"column":null}},"37":{"start":{"line":90,"column":6},"end":{"line":90,"column":null}},"38":{"start":{"line":92,"column":6},"end":{"line":92,"column":null}},"39":{"start":{"line":94,"column":6},"end":{"line":94,"column":null}},"40":{"start":{"line":96,"column":6},"end":{"line":96,"column":null}},"41":{"start":{"line":98,"column":6},"end":{"line":98,"column":null}},"42":{"start":{"line":100,"column":6},"end":{"line":108,"column":null}},"43":{"start":{"line":101,"column":8},"end":{"line":103,"column":null}},"44":{"start":{"line":102,"column":10},"end":{"line":102,"column":null}},"45":{"start":{"line":104,"column":8},"end":{"line":106,"column":null}},"46":{"start":{"line":105,"column":10},"end":{"line":105,"column":null}},"47":{"start":{"line":107,"column":8},"end":{"line":107,"column":null}},"48":{"start":{"line":109,"column":6},"end":{"line":109,"column":null}},"49":{"start":{"line":111,"column":6},"end":{"line":111,"column":null}}},"fnMap":{"0":{"name":"shortAddr","decl":{"start":{"line":7,"column":9},"end":{"line":7,"column":19}},"loc":{"start":{"line":7,"column":44},"end":{"line":9,"column":null}},"line":7},"1":{"name":"getDealerLine","decl":{"start":{"line":11,"column":16},"end":{"line":11,"column":30}},"loc":{"start":{"line":26,"column":11},"end":{"line":113,"column":null}},"line":26},"2":{"name":"(anonymous_2)","decl":{"start":{"line":27,"column":8},"end":{"line":27,"column":25}},"loc":{"start":{"line":27,"column":39},"end":{"line":31,"column":null}},"line":27}},"branchMap":{"0":{"loc":{"start":{"line":30,"column":11},"end":{"line":30,"column":null}},"type":"cond-expr","locations":[{"start":{"line":30,"column":19},"end":{"line":30,"column":37}},{"start":{"line":30,"column":37},"end":{"line":30,"column":null}}],"line":30},"1":{"loc":{"start":{"line":33,"column":2},"end":{"line":49,"column":null}},"type":"if","locations":[{"start":{"line":33,"column":2},"end":{"line":49,"column":null}},{"start":{},"end":{}}],"line":33},"2":{"loc":{"start":{"line":35,"column":4},"end":{"line":48,"column":null}},"type":"switch","locations":[{"start":{"line":36,"column":6},"end":{"line":37,"column":null}},{"start":{"line":38,"column":6},"end":{"line":39,"column":null}},{"start":{"line":40,"column":6},"end":{"line":41,"column":null}},{"start":{"line":42,"column":6},"end":{"line":43,"column":null}},{"start":{"line":44,"column":6},"end":{"line":45,"column":null}},{"start":{"line":46,"column":6},"end":{"line":47,"column":null}}],"line":35},"3":{"loc":{"start":{"line":51,"column":2},"end":{"line":53,"column":null}},"type":"if","locations":[{"start":{"line":51,"column":2},"end":{"line":53,"column":null}},{"start":{},"end":{}}],"line":51},"4":{"loc":{"start":{"line":51,"column":6},"end":{"line":51,"column":82}},"type":"binary-expr","locations":[{"start":{"line":51,"column":6},"end":{"line":51,"column":36}},{"start":{"line":51,"column":36},"end":{"line":51,"column":52}},{"start":{"line":51,"column":52},"end":{"line":51,"column":82}}],"line":51},"5":{"loc":{"start":{"line":55,"column":2},"end":{"line":57,"column":null}},"type":"if","locations":[{"start":{"line":55,"column":2},"end":{"line":57,"column":null}},{"start":{},"end":{}}],"line":55},"6":{"loc":{"start":{"line":58,"column":2},"end":{"line":60,"column":null}},"type":"if","locations":[{"start":{"line":58,"column":2},"end":{"line":60,"column":null}},{"start":{},"end":{}}],"line":58},"7":{"loc":{"start":{"line":61,"column":2},"end":{"line":63,"column":null}},"type":"if","locations":[{"start":{"line":61,"column":2},"end":{"line":63,"column":null}},{"start":{},"end":{}}],"line":61},"8":{"loc":{"start":{"line":64,"column":2},"end":{"line":66,"column":null}},"type":"if","locations":[{"start":{"line":64,"column":2},"end":{"line":66,"column":null}},{"start":{},"end":{}}],"line":64},"9":{"loc":{"start":{"line":68,"column":2},"end":{"line":70,"column":null}},"type":"if","locations":[{"start":{"line":68,"column":2},"end":{"line":70,"column":null}},{"start":{},"end":{}}],"line":68},"10":{"loc":{"start":{"line":68,"column":6},"end":{"line":68,"column":108}},"type":"binary-expr","locations":[{"start":{"line":68,"column":6},"end":{"line":68,"column":36}},{"start":{"line":68,"column":36},"end":{"line":68,"column":51}},{"start":{"line":68,"column":51},"end":{"line":68,"column":75}},{"start":{"line":68,"column":75},"end":{"line":68,"column":108}}],"line":68},"11":{"loc":{"start":{"line":72,"column":2},"end":{"line":112,"column":null}},"type":"switch","locations":[{"start":{"line":73,"column":4},"end":{"line":86,"column":null}},{"start":{"line":87,"column":4},"end":{"line":88,"column":null}},{"start":{"line":89,"column":4},"end":{"line":90,"column":null}},{"start":{"line":91,"column":4},"end":{"line":92,"column":null}},{"start":{"line":93,"column":4},"end":{"line":94,"column":null}},{"start":{"line":95,"column":4},"end":{"line":96,"column":null}},{"start":{"line":97,"column":4},"end":{"line":98,"column":null}},{"start":{"line":99,"column":4},"end":{"line":109,"column":null}},{"start":{"line":110,"column":4},"end":{"line":111,"column":null}}],"line":72},"12":{"loc":{"start":{"line":74,"column":6},"end":{"line":76,"column":null}},"type":"if","locations":[{"start":{"line":74,"column":6},"end":{"line":76,"column":null}},{"start":{},"end":{}}],"line":74},"13":{"loc":{"start":{"line":77,"column":6},"end":{"line":82,"column":null}},"type":"if","locations":[{"start":{"line":77,"column":6},"end":{"line":82,"column":null}},{"start":{},"end":{}}],"line":77},"14":{"loc":{"start":{"line":78,"column":8},"end":{"line":80,"column":null}},"type":"if","locations":[{"start":{"line":78,"column":8},"end":{"line":80,"column":null}},{"start":{},"end":{}}],"line":78},"15":{"loc":{"start":{"line":78,"column":13},"end":{"line":78,"column":48}},"type":"binary-expr","locations":[{"start":{"line":78,"column":13},"end":{"line":78,"column":43}},{"start":{"line":78,"column":43},"end":{"line":78,"column":48}}],"line":78},"16":{"loc":{"start":{"line":83,"column":6},"end":{"line":85,"column":null}},"type":"if","locations":[{"start":{"line":83,"column":6},"end":{"line":85,"column":null}},{"start":{},"end":{}}],"line":83},"17":{"loc":{"start":{"line":83,"column":11},"end":{"line":83,"column":46}},"type":"binary-expr","locations":[{"start":{"line":83,"column":11},"end":{"line":83,"column":41}},{"start":{"line":83,"column":41},"end":{"line":83,"column":46}}],"line":83},"18":{"loc":{"start":{"line":100,"column":6},"end":{"line":108,"column":null}},"type":"if","locations":[{"start":{"line":100,"column":6},"end":{"line":108,"column":null}},{"start":{},"end":{}}],"line":100},"19":{"loc":{"start":{"line":101,"column":8},"end":{"line":103,"column":null}},"type":"if","locations":[{"start":{"line":101,"column":8},"end":{"line":103,"column":null}},{"start":{},"end":{}}],"line":101},"20":{"loc":{"start":{"line":101,"column":12},"end":{"line":101,"column":73}},"type":"binary-expr","locations":[{"start":{"line":101,"column":12},"end":{"line":101,"column":32}},{"start":{"line":101,"column":32},"end":{"line":101,"column":73}}],"line":101},"21":{"loc":{"start":{"line":104,"column":8},"end":{"line":106,"column":null}},"type":"if","locations":[{"start":{"line":104,"column":8},"end":{"line":106,"column":null}},{"start":{},"end":{}}],"line":104},"22":{"loc":{"start":{"line":104,"column":12},"end":{"line":104,"column":103}},"type":"binary-expr","locations":[{"start":{"line":104,"column":12},"end":{"line":104,"column":42}},{"start":{"line":104,"column":42},"end":{"line":104,"column":62}},{"start":{"line":104,"column":62},"end":{"line":104,"column":103}}],"line":104}},"s":{"0":0,"1":0,"2":0,"3":0,"4":0,"5":0,"6":0,"7":0,"8":0,"9":0,"10":0,"11":0,"12":0,"13":0,"14":0,"15":0,"16":0,"17":0,"18":0,"19":0,"20":0,"21":0,"22":0,"23":0,"24":0,"25":0,"26":0,"27":0,"28":0,"29":0,"30":0,"31":0,"32":0,"33":0,"34":0,"35":0,"36":0,"37":0,"38":0,"39":0,"40":0,"41":0,"42":0,"43":0,"44":0,"45":0,"46":0,"47":0,"48":0,"49":0},"f":{"0":0,"1":0,"2":0},"b":{"0":[0,0],"1":[0,0],"2":[0,0,0,0,0,0],"3":[0,0],"4":[0,0,0],"5":[0,0],"6":[0,0],"7":[0,0],"8":[0,0],"9":[0,0],"10":[0,0,0,0],"11":[0,0,0,0,0,0,0,0,0],"12":[0,0],"13":[0,0],"14":[0,0],"15":[0,0],"16":[0,0],"17":[0,0],"18":[0,0],"19":[0,0],"20":[0,0],"21":[0,0],"22":[0,0,0]},"meta":{"lastBranch":23,"lastFunction":3,"lastStatement":50,"seen":{"f:7:9:7:19":0,"s:8:2:8:Infinity":0,"f:11:16:11:30":1,"s:27:8:31:Infinity":1,"f:27:8:27:25":2,"s:28:14:28:Infinity":2,"s:29:16:29:Infinity":3,"s:30:4:30:Infinity":4,"b:30:19:30:37:30:37:30:Infinity":0,"b:33:2:49:Infinity:undefined:undefined:undefined:undefined":1,"s:33:2:49:Infinity":5,"s:34:18:34:Infinity":6,"b:36:6:37:Infinity:38:6:39:Infinity:40:6:41:Infinity:42:6:43:Infinity:44:6:45:Infinity:46:6:47:Infinity":2,"s:35:4:48:Infinity":7,"s:37:8:37:Infinity":8,"s:39:8:39:Infinity":9,"s:41:8:41:Infinity":10,"s:43:8:43:Infinity":11,"s:45:8:45:Infinity":12,"s:47:8:47:Infinity":13,"b:51:2:53:Infinity:undefined:undefined:undefined:undefined":3,"s:51:2:53:Infinity":14,"b:51:6:51:36:51:36:51:52:51:52:51:82":4,"s:52:4:52:Infinity":15,"b:55:2:57:Infinity:undefined:undefined:undefined:undefined":5,"s:55:2:57:Infinity":16,"s:56:4:56:Infinity":17,"b:58:2:60:Infinity:undefined:undefined:undefined:undefined":6,"s:58:2:60:Infinity":18,"s:59:4:59:Infinity":19,"b:61:2:63:Infinity:undefined:undefined:undefined:undefined":7,"s:61:2:63:Infinity":20,"s:62:4:62:Infinity":21,"b:64:2:66:Infinity:undefined:undefined:undefined:undefined":8,"s:64:2:66:Infinity":22,"s:65:4:65:Infinity":23,"b:68:2:70:Infinity:undefined:undefined:undefined:undefined":9,"s:68:2:70:Infinity":24,"b:68:6:68:36:68:36:68:51:68:51:68:75:68:75:68:108":10,"s:69:4:69:Infinity":25,"b:73:4:86:Infinity:87:4:88:Infinity:89:4:90:Infinity:91:4:92:Infinity:93:4:94:Infinity:95:4:96:Infinity:97:4:98:Infinity:99:4:109:Infinity:110:4:111:Infinity":11,"s:72:2:112:Infinity":26,"b:74:6:76:Infinity:undefined:undefined:undefined:undefined":12,"s:74:6:76:Infinity":27,"s:75:8:75:Infinity":28,"b:77:6:82:Infinity:undefined:undefined:undefined:undefined":13,"s:77:6:82:Infinity":29,"b:78:8:80:Infinity:undefined:undefined:undefined:undefined":14,"s:78:8:80:Infinity":30,"b:78:13:78:43:78:43:78:48":15,"s:79:10:79:Infinity":31,"s:81:8:81:Infinity":32,"b:83:6:85:Infinity:undefined:undefined:undefined:undefined":16,"s:83:6:85:Infinity":33,"b:83:11:83:41:83:41:83:46":17,"s:84:8:84:Infinity":34,"s:86:6:86:Infinity":35,"s:88:6:88:Infinity":36,"s:90:6:90:Infinity":37,"s:92:6:92:Infinity":38,"s:94:6:94:Infinity":39,"s:96:6:96:Infinity":40,"s:98:6:98:Infinity":41,"b:100:6:108:Infinity:undefined:undefined:undefined:undefined":18,"s:100:6:108:Infinity":42,"b:101:8:103:Infinity:undefined:undefined:undefined:undefined":19,"s:101:8:103:Infinity":43,"b:101:12:101:32:101:32:101:73":20,"s:102:10:102:Infinity":44,"b:104:8:106:Infinity:undefined:undefined:undefined:undefined":21,"s:104:8:106:Infinity":45,"b:104:12:104:42:104:42:104:62:104:62:104:103":22,"s:105:10:105:Infinity":46,"s:107:8:107:Infinity":47,"s:109:6:109:Infinity":48,"s:111:6:111:Infinity":49},"fnNames":{}}}
,"C:\\Users\\User\\StellPoker\\app\\src\\lib\\events.ts": {"path":"C:\\Users\\User\\StellPoker\\app\\src\\lib\\events.ts","statementMap":{"0":{"start":{"line":40,"column":2},"end":{"line":52,"column":null}},"1":{"start":{"line":42,"column":6},"end":{"line":44,"column":null}},"2":{"start":{"line":45,"column":4},"end":{"line":47,"column":null}},"3":{"start":{"line":46,"column":6},"end":{"line":46,"column":null}},"4":{"start":{"line":48,"column":10},"end":{"line":48,"column":null}},"5":{"start":{"line":49,"column":4},"end":{"line":49,"column":null}},"6":{"start":{"line":51,"column":4},"end":{"line":51,"column":null}},"7":{"start":{"line":66,"column":14},"end":{"line":66,"column":null}},"8":{"start":{"line":67,"column":17},"end":{"line":69,"column":null}},"9":{"start":{"line":71,"column":18},"end":{"line":71,"column":null}},"10":{"start":{"line":76,"column":2},"end":{"line":81,"column":null}},"11":{"start":{"line":77,"column":19},"end":{"line":77,"column":null}},"12":{"start":{"line":78,"column":4},"end":{"line":78,"column":null}},"13":{"start":{"line":80,"column":4},"end":{"line":80,"column":null}},"14":{"start":{"line":84,"column":4},"end":{"line":84,"column":null}},"15":{"start":{"line":84,"column":19},"end":{"line":84,"column":null}},"16":{"start":{"line":85,"column":4},"end":{"line":133,"column":null}},"17":{"start":{"line":86,"column":18},"end":{"line":98,"column":null}},"18":{"start":{"line":100,"column":6},"end":{"line":120,"column":null}},"19":{"start":{"line":102,"column":19},"end":{"line":102,"column":null}},"20":{"start":{"line":107,"column":23},"end":{"line":107,"column":null}},"21":{"start":{"line":108,"column":22},"end":{"line":108,"column":null}},"22":{"start":{"line":109,"column":28},"end":{"line":109,"column":null}},"23":{"start":{"line":110,"column":8},"end":{"line":114,"column":null}},"24":{"start":{"line":111,"column":10},"end":{"line":111,"column":null}},"25":{"start":{"line":113,"column":10},"end":{"line":113,"column":null}},"26":{"start":{"line":115,"column":8},"end":{"line":119,"column":null}},"27":{"start":{"line":123,"column":6},"end":{"line":126,"column":null}},"28":{"start":{"line":124,"column":8},"end":{"line":124,"column":null}},"29":{"start":{"line":125,"column":8},"end":{"line":125,"column":null}},"30":{"start":{"line":130,"column":6},"end":{"line":132,"column":null}},"31":{"start":{"line":131,"column":8},"end":{"line":131,"column":null}},"32":{"start":{"line":136,"column":2},"end":{"line":136,"column":null}},"33":{"start":{"line":138,"column":2},"end":{"line":142,"column":null}},"34":{"start":{"line":140,"column":6},"end":{"line":140,"column":null}}},"fnMap":{"0":{"name":"decodeTopic","decl":{"start":{"line":39,"column":9},"end":{"line":39,"column":21}},"loc":{"start":{"line":39,"column":52},"end":{"line":53,"column":null}},"line":39},"1":{"name":"subscribePokerTableEvents","decl":{"start":{"line":62,"column":22},"end":{"line":62,"column":null}},"loc":{"start":{"line":65,"column":30},"end":{"line":143,"column":null}},"line":65},"2":{"name":"tick","decl":{"start":{"line":83,"column":17},"end":{"line":83,"column":24}},"loc":{"start":{"line":83,"column":24},"end":{"line":134,"column":null}},"line":83},"3":{"name":"(anonymous_3)","decl":{"start":{"line":139,"column":4},"end":{"line":139,"column":16}},"loc":{"start":{"line":139,"column":16},"end":{"line":141,"column":null}},"line":139}},"branchMap":{"0":{"loc":{"start":{"line":42,"column":6},"end":{"line":44,"column":null}},"type":"cond-expr","locations":[{"start":{"line":43,"column":10},"end":{"line":43,"column":null}},{"start":{"line":44,"column":11},"end":{"line":44,"column":null}}],"line":42},"1":{"loc":{"start":{"line":45,"column":4},"end":{"line":47,"column":null}},"type":"if","locations":[{"start":{"line":45,"column":4},"end":{"line":47,"column":null}},{"start":{},"end":{}}],"line":45},"2":{"loc":{"start":{"line":49,"column":11},"end":{"line":49,"column":null}},"type":"cond-expr","locations":[{"start":{"line":49,"column":40},"end":{"line":49,"column":49}},{"start":{"line":49,"column":49},"end":{"line":49,"column":null}}],"line":49},"3":{"loc":{"start":{"line":64,"column":2},"end":{"line":64,"column":null}},"type":"default-arg","locations":[{"start":{"line":64,"column":11},"end":{"line":64,"column":null}}],"line":64},"4":{"loc":{"start":{"line":84,"column":4},"end":{"line":84,"column":null}},"type":"if","locations":[{"start":{"line":84,"column":4},"end":{"line":84,"column":null}},{"start":{},"end":{}}],"line":84},"5":{"loc":{"start":{"line":87,"column":12},"end":{"line":91,"column":null}},"type":"cond-expr","locations":[{"start":{"line":88,"column":12},"end":{"line":88,"column":null}},{"start":{"line":89,"column":12},"end":{"line":91,"column":null}}],"line":87},"6":{"loc":{"start":{"line":89,"column":12},"end":{"line":91,"column":null}},"type":"cond-expr","locations":[{"start":{"line":90,"column":14},"end":{"line":90,"column":null}},{"start":{"line":91,"column":14},"end":{"line":91,"column":null}}],"line":89},"7":{"loc":{"start":{"line":100,"column":24},"end":{"line":100,"column":42}},"type":"binary-expr","locations":[{"start":{"line":100,"column":24},"end":{"line":100,"column":38}},{"start":{"line":100,"column":38},"end":{"line":100,"column":42}}],"line":100},"8":{"loc":{"start":{"line":107,"column":23},"end":{"line":107,"column":null}},"type":"binary-expr","locations":[{"start":{"line":107,"column":23},"end":{"line":107,"column":35}},{"start":{"line":107,"column":35},"end":{"line":107,"column":null}}],"line":107},"9":{"loc":{"start":{"line":108,"column":22},"end":{"line":108,"column":null}},"type":"cond-expr","locations":[{"start":{"line":108,"column":42},"end":{"line":108,"column":67}},{"start":{"line":108,"column":67},"end":{"line":108,"column":null}}],"line":108},"10":{"loc":{"start":{"line":111,"column":17},"end":{"line":111,"column":null}},"type":"cond-expr","locations":[{"start":{"line":111,"column":20},"end":{"line":111,"column":67}},{"start":{"line":111,"column":67},"end":{"line":111,"column":null}}],"line":111},"11":{"loc":{"start":{"line":116,"column":17},"end":{"line":116,"column":null}},"type":"binary-expr","locations":[{"start":{"line":116,"column":17},"end":{"line":116,"column":26}},{"start":{"line":116,"column":26},"end":{"line":116,"column":null}}],"line":116},"12":{"loc":{"start":{"line":118,"column":25},"end":{"line":118,"column":39}},"type":"binary-expr","locations":[{"start":{"line":118,"column":25},"end":{"line":118,"column":38}},{"start":{"line":118,"column":38},"end":{"line":118,"column":39}}],"line":118},"13":{"loc":{"start":{"line":123,"column":6},"end":{"line":126,"column":null}},"type":"if","locations":[{"start":{"line":123,"column":6},"end":{"line":126,"column":null}},{"start":{},"end":{}}],"line":123},"14":{"loc":{"start":{"line":130,"column":6},"end":{"line":132,"column":null}},"type":"if","locations":[{"start":{"line":130,"column":6},"end":{"line":132,"column":null}},{"start":{},"end":{}}],"line":130}},"s":{"0":0,"1":0,"2":0,"3":0,"4":0,"5":0,"6":0,"7":0,"8":0,"9":0,"10":0,"11":0,"12":0,"13":0,"14":0,"15":0,"16":0,"17":0,"18":0,"19":0,"20":0,"21":0,"22":0,"23":0,"24":0,"25":0,"26":0,"27":0,"28":0,"29":0,"30":0,"31":0,"32":0,"33":0,"34":0},"f":{"0":0,"1":0,"2":0,"3":0},"b":{"0":[0,0],"1":[0,0],"2":[0,0],"3":[0],"4":[0,0],"5":[0,0],"6":[0,0],"7":[0,0],"8":[0,0],"9":[0,0],"10":[0,0],"11":[0,0],"12":[0,0],"13":[0,0],"14":[0,0]},"meta":{"lastBranch":15,"lastFunction":4,"lastStatement":35,"seen":{"f:39:9:39:21":0,"s:40:2:52:Infinity":0,"s:42:6:44:Infinity":1,"b:43:10:43:Infinity:44:11:44:Infinity":0,"b:45:4:47:Infinity:undefined:undefined:undefined:undefined":1,"s:45:4:47:Infinity":2,"s:46:6:46:Infinity":3,"s:48:10:48:Infinity":4,"s:49:4:49:Infinity":5,"b:49:40:49:49:49:49:49:Infinity":2,"s:51:4:51:Infinity":6,"f:62:22:62:Infinity":1,"b:64:11:64:Infinity":3,"s:66:14:66:Infinity":7,"s:67:17:69:Infinity":8,"s:71:18:71:Infinity":9,"s:76:2:81:Infinity":10,"s:77:19:77:Infinity":11,"s:78:4:78:Infinity":12,"s:80:4:80:Infinity":13,"f:83:17:83:24":2,"b:84:4:84:Infinity:undefined:undefined:undefined:undefined":4,"s:84:4:84:Infinity":14,"s:84:19:84:Infinity":15,"s:85:4:133:Infinity":16,"s:86:18:98:Infinity":17,"b:88:12:88:Infinity:89:12:91:Infinity":5,"b:90:14:90:Infinity:91:14:91:Infinity":6,"s:100:6:120:Infinity":18,"b:100:24:100:38:100:38:100:42":7,"s:102:19:102:Infinity":19,"s:107:23:107:Infinity":20,"b:107:23:107:35:107:35:107:Infinity":8,"s:108:22:108:Infinity":21,"b:108:42:108:67:108:67:108:Infinity":9,"s:109:28:109:Infinity":22,"s:110:8:114:Infinity":23,"s:111:10:111:Infinity":24,"b:111:20:111:67:111:67:111:Infinity":10,"s:113:10:113:Infinity":25,"s:115:8:119:Infinity":26,"b:116:17:116:26:116:26:116:Infinity":11,"b:118:25:118:38:118:38:118:39":12,"b:123:6:126:Infinity:undefined:undefined:undefined:undefined":13,"s:123:6:126:Infinity":27,"s:124:8:124:Infinity":28,"s:125:8:125:Infinity":29,"b:130:6:132:Infinity:undefined:undefined:undefined:undefined":14,"s:130:6:132:Infinity":30,"s:131:8:131:Infinity":31,"s:136:2:136:Infinity":32,"s:138:2:142:Infinity":33,"f:139:4:139:16":3,"s:140:6:140:Infinity":34},"fnNames":{}}}
,"C:\\Users\\User\\StellPoker\\app\\src\\lib\\freighter.ts": {"path":"C:\\Users\\User\\StellPoker\\app\\src\\lib\\freighter.ts","statementMap":{"0":{"start":{"line":53,"column":2},"end":{"line":55,"column":null}},"1":{"start":{"line":54,"column":4},"end":{"line":54,"column":null}},"2":{"start":{"line":56,"column":2},"end":{"line":63,"column":null}},"3":{"start":{"line":62,"column":4},"end":{"line":62,"column":null}},"4":{"start":{"line":64,"column":2},"end":{"line":64,"column":null}},"5":{"start":{"line":68,"column":2},"end":{"line":70,"column":null}},"6":{"start":{"line":69,"column":4},"end":{"line":69,"column":null}},"7":{"start":{"line":71,"column":2},"end":{"line":81,"column":null}},"8":{"start":{"line":72,"column":4},"end":{"line":74,"column":null}},"9":{"start":{"line":73,"column":6},"end":{"line":73,"column":null}},"10":{"start":{"line":75,"column":4},"end":{"line":77,"column":null}},"11":{"start":{"line":76,"column":6},"end":{"line":76,"column":null}},"12":{"start":{"line":78,"column":4},"end":{"line":80,"column":null}},"13":{"start":{"line":79,"column":6},"end":{"line":79,"column":null}},"14":{"start":{"line":82,"column":2},"end":{"line":82,"column":null}},"15":{"start":{"line":86,"column":15},"end":{"line":86,"column":null}},"16":{"start":{"line":87,"column":20},"end":{"line":87,"column":null}},"17":{"start":{"line":88,"column":2},"end":{"line":91,"column":null}},"18":{"start":{"line":88,"column":15},"end":{"line":88,"column":18}},"19":{"start":{"line":89,"column":18},"end":{"line":89,"column":null}},"20":{"start":{"line":90,"column":4},"end":{"line":90,"column":null}},"21":{"start":{"line":92,"column":2},"end":{"line":92,"column":null}},"22":{"start":{"line":96,"column":2},"end":{"line":98,"column":null}},"23":{"start":{"line":97,"column":4},"end":{"line":97,"column":null}},"24":{"start":{"line":99,"column":2},"end":{"line":102,"column":null}},"25":{"start":{"line":100,"column":18},"end":{"line":100,"column":null}},"26":{"start":{"line":101,"column":4},"end":{"line":101,"column":null}},"27":{"start":{"line":103,"column":2},"end":{"line":105,"column":null}},"28":{"start":{"line":104,"column":4},"end":{"line":104,"column":null}},"29":{"start":{"line":106,"column":2},"end":{"line":113,"column":null}},"30":{"start":{"line":112,"column":4},"end":{"line":112,"column":null}},"31":{"start":{"line":114,"column":2},"end":{"line":114,"column":null}},"32":{"start":{"line":118,"column":2},"end":{"line":120,"column":null}},"33":{"start":{"line":119,"column":4},"end":{"line":119,"column":null}},"34":{"start":{"line":121,"column":2},"end":{"line":134,"column":null}},"35":{"start":{"line":122,"column":4},"end":{"line":124,"column":null}},"36":{"start":{"line":123,"column":6},"end":{"line":123,"column":null}},"37":{"start":{"line":125,"column":4},"end":{"line":127,"column":null}},"38":{"start":{"line":126,"column":6},"end":{"line":126,"column":null}},"39":{"start":{"line":128,"column":4},"end":{"line":130,"column":null}},"40":{"start":{"line":129,"column":6},"end":{"line":129,"column":null}},"41":{"start":{"line":131,"column":4},"end":{"line":133,"column":null}},"42":{"start":{"line":132,"column":6},"end":{"line":132,"column":null}},"43":{"start":{"line":135,"column":2},"end":{"line":135,"column":null}},"44":{"start":{"line":151,"column":2},"end":{"line":153,"column":null}},"45":{"start":{"line":152,"column":4},"end":{"line":152,"column":null}},"46":{"start":{"line":154,"column":2},"end":{"line":154,"column":null}},"47":{"start":{"line":158,"column":2},"end":{"line":160,"column":null}},"48":{"start":{"line":159,"column":4},"end":{"line":159,"column":null}},"49":{"start":{"line":162,"column":32},"end":{"line":166,"column":null}},"50":{"start":{"line":168,"column":2},"end":{"line":182,"column":null}},"51":{"start":{"line":169,"column":4},"end":{"line":171,"column":null}},"52":{"start":{"line":170,"column":6},"end":{"line":170,"column":null}},"53":{"start":{"line":172,"column":16},"end":{"line":172,"column":null}},"54":{"start":{"line":173,"column":4},"end":{"line":181,"column":null}},"55":{"start":{"line":180,"column":6},"end":{"line":180,"column":null}},"56":{"start":{"line":183,"column":2},"end":{"line":183,"column":null}},"57":{"start":{"line":187,"column":20},"end":{"line":187,"column":null}},"58":{"start":{"line":188,"column":2},"end":{"line":194,"column":null}},"59":{"start":{"line":189,"column":16},"end":{"line":189,"column":null}},"60":{"start":{"line":190,"column":4},"end":{"line":192,"column":null}},"61":{"start":{"line":191,"column":6},"end":{"line":191,"column":null}},"62":{"start":{"line":193,"column":4},"end":{"line":193,"column":null}},"63":{"start":{"line":193,"column":35},"end":{"line":193,"column":59}},"64":{"start":{"line":195,"column":2},"end":{"line":195,"column":null}},"65":{"start":{"line":199,"column":2},"end":{"line":201,"column":null}},"66":{"start":{"line":200,"column":4},"end":{"line":200,"column":null}},"67":{"start":{"line":203,"column":20},"end":{"line":203,"column":null}},"68":{"start":{"line":204,"column":2},"end":{"line":206,"column":null}},"69":{"start":{"line":205,"column":4},"end":{"line":205,"column":null}},"70":{"start":{"line":207,"column":2},"end":{"line":209,"column":null}},"71":{"start":{"line":208,"column":4},"end":{"line":208,"column":null}},"72":{"start":{"line":211,"column":17},"end":{"line":211,"column":null}},"73":{"start":{"line":212,"column":2},"end":{"line":214,"column":null}},"74":{"start":{"line":213,"column":4},"end":{"line":213,"column":null}},"75":{"start":{"line":216,"column":16},"end":{"line":216,"column":null}},"76":{"start":{"line":217,"column":2},"end":{"line":223,"column":null}},"77":{"start":{"line":218,"column":20},"end":{"line":218,"column":null}},"78":{"start":{"line":219,"column":4},"end":{"line":221,"column":null}},"79":{"start":{"line":220,"column":6},"end":{"line":220,"column":null}},"80":{"start":{"line":222,"column":4},"end":{"line":222,"column":null}},"81":{"start":{"line":225,"column":2},"end":{"line":227,"column":null}},"82":{"start":{"line":226,"column":4},"end":{"line":226,"column":null}},"83":{"start":{"line":229,"column":2},"end":{"line":236,"column":null}},"84":{"start":{"line":233,"column":21},"end":{"line":233,"column":null}},"85":{"start":{"line":234,"column":6},"end":{"line":234,"column":null}},"86":{"start":{"line":240,"column":14},"end":{"line":240,"column":null}},"87":{"start":{"line":241,"column":2},"end":{"line":243,"column":null}},"88":{"start":{"line":242,"column":4},"end":{"line":242,"column":null}},"89":{"start":{"line":245,"column":2},"end":{"line":249,"column":null}},"90":{"start":{"line":246,"column":4},"end":{"line":246,"column":null}},"91":{"start":{"line":247,"column":9},"end":{"line":249,"column":null}},"92":{"start":{"line":248,"column":4},"end":{"line":248,"column":null}},"93":{"start":{"line":251,"column":21},"end":{"line":251,"column":null}},"94":{"start":{"line":252,"column":2},"end":{"line":254,"column":null}},"95":{"start":{"line":253,"column":4},"end":{"line":253,"column":null}},"96":{"start":{"line":255,"column":18},"end":{"line":255,"column":null}},"97":{"start":{"line":257,"column":2},"end":{"line":259,"column":null}},"98":{"start":{"line":258,"column":4},"end":{"line":258,"column":null}},"99":{"start":{"line":261,"column":2},"end":{"line":268,"column":null}},"100":{"start":{"line":265,"column":18},"end":{"line":265,"column":null}},"101":{"start":{"line":266,"column":6},"end":{"line":266,"column":null}},"102":{"start":{"line":273,"column":19},"end":{"line":273,"column":null}},"103":{"start":{"line":276,"column":2},"end":{"line":280,"column":null}},"104":{"start":{"line":277,"column":4},"end":{"line":277,"column":null}},"105":{"start":{"line":284,"column":2},"end":{"line":288,"column":null}},"106":{"start":{"line":285,"column":4},"end":{"line":285,"column":null}},"107":{"start":{"line":287,"column":4},"end":{"line":287,"column":null}},"108":{"start":{"line":292,"column":2},"end":{"line":296,"column":null}},"109":{"start":{"line":293,"column":4},"end":{"line":293,"column":null}},"110":{"start":{"line":300,"column":2},"end":{"line":300,"column":null}},"111":{"start":{"line":300,"column":37},"end":{"line":300,"column":null}},"112":{"start":{"line":302,"column":20},"end":{"line":302,"column":null}},"113":{"start":{"line":303,"column":2},"end":{"line":303,"column":null}},"114":{"start":{"line":307,"column":2},"end":{"line":320,"column":null}},"115":{"start":{"line":308,"column":19},"end":{"line":308,"column":null}},"116":{"start":{"line":309,"column":4},"end":{"line":312,"column":null}},"117":{"start":{"line":310,"column":6},"end":{"line":310,"column":null}},"118":{"start":{"line":311,"column":6},"end":{"line":311,"column":null}},"119":{"start":{"line":314,"column":19},"end":{"line":314,"column":null}},"120":{"start":{"line":315,"column":4},"end":{"line":318,"column":null}},"121":{"start":{"line":316,"column":6},"end":{"line":316,"column":null}},"122":{"start":{"line":317,"column":6},"end":{"line":317,"column":null}},"123":{"start":{"line":319,"column":4},"end":{"line":319,"column":null}},"124":{"start":{"line":322,"column":17},"end":{"line":322,"column":null}},"125":{"start":{"line":323,"column":2},"end":{"line":326,"column":null}},"126":{"start":{"line":324,"column":4},"end":{"line":324,"column":null}},"127":{"start":{"line":325,"column":4},"end":{"line":325,"column":null}},"128":{"start":{"line":328,"column":2},"end":{"line":330,"column":null}},"129":{"start":{"line":339,"column":16},"end":{"line":339,"column":null}},"130":{"start":{"line":340,"column":2},"end":{"line":340,"column":null}},"131":{"start":{"line":340,"column":14},"end":{"line":340,"column":null}},"132":{"start":{"line":342,"column":2},"end":{"line":370,"column":null}},"133":{"start":{"line":343,"column":22},"end":{"line":343,"column":null}},"134":{"start":{"line":344,"column":4},"end":{"line":347,"column":null}},"135":{"start":{"line":345,"column":6},"end":{"line":345,"column":null}},"136":{"start":{"line":346,"column":6},"end":{"line":346,"column":null}},"137":{"start":{"line":351,"column":20},"end":{"line":351,"column":null}},"138":{"start":{"line":352,"column":4},"end":{"line":355,"column":null}},"139":{"start":{"line":353,"column":6},"end":{"line":353,"column":null}},"140":{"start":{"line":354,"column":6},"end":{"line":354,"column":null}},"141":{"start":{"line":357,"column":20},"end":{"line":357,"column":null}},"142":{"start":{"line":359,"column":4},"end":{"line":366,"column":null}},"143":{"start":{"line":363,"column":23},"end":{"line":363,"column":null}},"144":{"start":{"line":364,"column":8},"end":{"line":364,"column":null}},"145":{"start":{"line":368,"column":4},"end":{"line":368,"column":null}},"146":{"start":{"line":369,"column":4},"end":{"line":369,"column":null}}},"fnMap":{"0":{"name":"errorMessage","decl":{"start":{"line":52,"column":9},"end":{"line":52,"column":22}},"loc":{"start":{"line":52,"column":62},"end":{"line":65,"column":null}},"line":52},"1":{"name":"parseAddress","decl":{"start":{"line":67,"column":9},"end":{"line":67,"column":22}},"loc":{"start":{"line":67,"column":64},"end":{"line":83,"column":null}},"line":67},"2":{"name":"bytesToBase64","decl":{"start":{"line":85,"column":9},"end":{"line":85,"column":23}},"loc":{"start":{"line":85,"column":50},"end":{"line":93,"column":null}},"line":85},"3":{"name":"parseSignedPayload","decl":{"start":{"line":95,"column":9},"end":{"line":95,"column":28}},"loc":{"start":{"line":95,"column":54},"end":{"line":115,"column":null}},"line":95},"4":{"name":"parseSignature","decl":{"start":{"line":117,"column":9},"end":{"line":117,"column":24}},"loc":{"start":{"line":117,"column":63},"end":{"line":136,"column":null}},"line":117},"5":{"name":"parseModernSignature","decl":{"start":{"line":138,"column":9},"end":{"line":138,"column":null}},"loc":{"start":{"line":150,"column":10},"end":{"line":155,"column":null}},"line":150},"6":{"name":"getLegacyApiCandidate","decl":{"start":{"line":157,"column":9},"end":{"line":157,"column":54}},"loc":{"start":{"line":157,"column":54},"end":{"line":184,"column":null}},"line":157},"7":{"name":"waitForLegacyApi","decl":{"start":{"line":186,"column":15},"end":{"line":186,"column":32}},"loc":{"start":{"line":186,"column":80},"end":{"line":196,"column":null}},"line":186},"8":{"name":"(anonymous_8)","decl":{"start":{"line":193,"column":14},"end":{"line":193,"column":23}},"loc":{"start":{"line":193,"column":35},"end":{"line":193,"column":59}},"line":193},"9":{"name":"connectViaOfficialApi","decl":{"start":{"line":198,"column":15},"end":{"line":198,"column":70}},"loc":{"start":{"line":198,"column":70},"end":{"line":237,"column":null}},"line":198},"10":{"name":"(anonymous_10)","decl":{"start":{"line":232,"column":17},"end":{"line":232,"column":24}},"loc":{"start":{"line":232,"column":44},"end":{"line":235,"column":null}},"line":232},"11":{"name":"connectViaLegacyApi","decl":{"start":{"line":239,"column":15},"end":{"line":239,"column":68}},"loc":{"start":{"line":239,"column":68},"end":{"line":269,"column":null}},"line":239},"12":{"name":"(anonymous_12)","decl":{"start":{"line":264,"column":17},"end":{"line":264,"column":24}},"loc":{"start":{"line":264,"column":61},"end":{"line":267,"column":null}},"line":264},"13":{"name":"saveWalletAddress","decl":{"start":{"line":275,"column":9},"end":{"line":275,"column":27}},"loc":{"start":{"line":275,"column":50},"end":{"line":281,"column":null}},"line":275},"14":{"name":"getSavedWalletAddress","decl":{"start":{"line":283,"column":16},"end":{"line":283,"column":55}},"loc":{"start":{"line":283,"column":55},"end":{"line":289,"column":null}},"line":283},"15":{"name":"clearSavedWallet","decl":{"start":{"line":291,"column":16},"end":{"line":291,"column":41}},"loc":{"start":{"line":291,"column":41},"end":{"line":297,"column":null}},"line":291},"16":{"name":"isFreighterInstalled","decl":{"start":{"line":299,"column":16},"end":{"line":299,"column":48}},"loc":{"start":{"line":299,"column":48},"end":{"line":304,"column":null}},"line":299},"17":{"name":"connectFreighterWallet","decl":{"start":{"line":306,"column":22},"end":{"line":306,"column":71}},"loc":{"start":{"line":306,"column":71},"end":{"line":331,"column":null}},"line":306},"18":{"name":"trySilentReconnect","decl":{"start":{"line":338,"column":22},"end":{"line":338,"column":74}},"loc":{"start":{"line":338,"column":74},"end":{"line":371,"column":null}},"line":338},"19":{"name":"(anonymous_19)","decl":{"start":{"line":362,"column":19},"end":{"line":362,"column":26}},"loc":{"start":{"line":362,"column":46},"end":{"line":365,"column":null}},"line":362}},"branchMap":{"0":{"loc":{"start":{"line":53,"column":2},"end":{"line":55,"column":null}},"type":"if","locations":[{"start":{"line":53,"column":2},"end":{"line":55,"column":null}},{"start":{},"end":{}}],"line":53},"1":{"loc":{"start":{"line":53,"column":6},"end":{"line":53,"column":45}},"type":"binary-expr","locations":[{"start":{"line":53,"column":6},"end":{"line":53,"column":33}},{"start":{"line":53,"column":33},"end":{"line":53,"column":45}}],"line":53},"2":{"loc":{"start":{"line":56,"column":2},"end":{"line":63,"column":null}},"type":"if","locations":[{"start":{"line":56,"column":2},"end":{"line":63,"column":null}},{"start":{},"end":{}}],"line":56},"3":{"loc":{"start":{"line":57,"column":4},"end":{"line":60,"column":null}},"type":"binary-expr","locations":[{"start":{"line":57,"column":4},"end":{"line":57,"column":null}},{"start":{"line":58,"column":4},"end":{"line":58,"column":null}},{"start":{"line":59,"column":4},"end":{"line":59,"column":null}},{"start":{"line":60,"column":4},"end":{"line":60,"column":null}}],"line":57},"4":{"loc":{"start":{"line":68,"column":2},"end":{"line":70,"column":null}},"type":"if","locations":[{"start":{"line":68,"column":2},"end":{"line":70,"column":null}},{"start":{},"end":{}}],"line":68},"5":{"loc":{"start":{"line":68,"column":6},"end":{"line":68,"column":55}},"type":"binary-expr","locations":[{"start":{"line":68,"column":6},"end":{"line":68,"column":36}},{"start":{"line":68,"column":36},"end":{"line":68,"column":55}}],"line":68},"6":{"loc":{"start":{"line":71,"column":2},"end":{"line":81,"column":null}},"type":"if","locations":[{"start":{"line":71,"column":2},"end":{"line":81,"column":null}},{"start":{},"end":{}}],"line":71},"7":{"loc":{"start":{"line":71,"column":6},"end":{"line":71,"column":53}},"type":"binary-expr","locations":[{"start":{"line":71,"column":6},"end":{"line":71,"column":36}},{"start":{"line":71,"column":36},"end":{"line":71,"column":53}}],"line":71},"8":{"loc":{"start":{"line":72,"column":4},"end":{"line":74,"column":null}},"type":"if","locations":[{"start":{"line":72,"column":4},"end":{"line":74,"column":null}},{"start":{},"end":{}}],"line":72},"9":{"loc":{"start":{"line":75,"column":4},"end":{"line":77,"column":null}},"type":"if","locations":[{"start":{"line":75,"column":4},"end":{"line":77,"column":null}},{"start":{},"end":{}}],"line":75},"10":{"loc":{"start":{"line":75,"column":8},"end":{"line":75,"column":73}},"type":"binary-expr","locations":[{"start":{"line":75,"column":8},"end":{"line":75,"column":46}},{"start":{"line":75,"column":46},"end":{"line":75,"column":73}}],"line":75},"11":{"loc":{"start":{"line":78,"column":4},"end":{"line":80,"column":null}},"type":"if","locations":[{"start":{"line":78,"column":4},"end":{"line":80,"column":null}},{"start":{},"end":{}}],"line":78},"12":{"loc":{"start":{"line":78,"column":8},"end":{"line":78,"column":77}},"type":"binary-expr","locations":[{"start":{"line":78,"column":8},"end":{"line":78,"column":48}},{"start":{"line":78,"column":48},"end":{"line":78,"column":77}}],"line":78},"13":{"loc":{"start":{"line":96,"column":2},"end":{"line":98,"column":null}},"type":"if","locations":[{"start":{"line":96,"column":2},"end":{"line":98,"column":null}},{"start":{},"end":{}}],"line":96},"14":{"loc":{"start":{"line":96,"column":6},"end":{"line":96,"column":57}},"type":"binary-expr","locations":[{"start":{"line":96,"column":6},"end":{"line":96,"column":37}},{"start":{"line":96,"column":37},"end":{"line":96,"column":57}}],"line":96},"15":{"loc":{"start":{"line":99,"column":2},"end":{"line":102,"column":null}},"type":"if","locations":[{"start":{"line":99,"column":2},"end":{"line":102,"column":null}},{"start":{},"end":{}}],"line":99},"16":{"loc":{"start":{"line":103,"column":2},"end":{"line":105,"column":null}},"type":"if","locations":[{"start":{"line":103,"column":2},"end":{"line":105,"column":null}},{"start":{},"end":{}}],"line":103},"17":{"loc":{"start":{"line":106,"column":2},"end":{"line":113,"column":null}},"type":"if","locations":[{"start":{"line":106,"column":2},"end":{"line":113,"column":null}},{"start":{},"end":{}}],"line":106},"18":{"loc":{"start":{"line":107,"column":4},"end":{"line":110,"column":null}},"type":"binary-expr","locations":[{"start":{"line":107,"column":4},"end":{"line":107,"column":null}},{"start":{"line":108,"column":4},"end":{"line":108,"column":null}},{"start":{"line":109,"column":4},"end":{"line":109,"column":null}},{"start":{"line":110,"column":4},"end":{"line":110,"column":null}}],"line":107},"19":{"loc":{"start":{"line":118,"column":2},"end":{"line":120,"column":null}},"type":"if","locations":[{"start":{"line":118,"column":2},"end":{"line":120,"column":null}},{"start":{},"end":{}}],"line":118},"20":{"loc":{"start":{"line":118,"column":6},"end":{"line":118,"column":55}},"type":"binary-expr","locations":[{"start":{"line":118,"column":6},"end":{"line":118,"column":36}},{"start":{"line":118,"column":36},"end":{"line":118,"column":55}}],"line":118},"21":{"loc":{"start":{"line":121,"column":2},"end":{"line":134,"column":null}},"type":"if","locations":[{"start":{"line":121,"column":2},"end":{"line":134,"column":null}},{"start":{},"end":{}}],"line":121},"22":{"loc":{"start":{"line":121,"column":6},"end":{"line":121,"column":53}},"type":"binary-expr","locations":[{"start":{"line":121,"column":6},"end":{"line":121,"column":36}},{"start":{"line":121,"column":36},"end":{"line":121,"column":53}}],"line":121},"23":{"loc":{"start":{"line":122,"column":4},"end":{"line":124,"column":null}},"type":"if","locations":[{"start":{"line":122,"column":4},"end":{"line":124,"column":null}},{"start":{},"end":{}}],"line":122},"24":{"loc":{"start":{"line":125,"column":4},"end":{"line":127,"column":null}},"type":"if","locations":[{"start":{"line":125,"column":4},"end":{"line":127,"column":null}},{"start":{},"end":{}}],"line":125},"25":{"loc":{"start":{"line":125,"column":8},"end":{"line":125,"column":77}},"type":"binary-expr","locations":[{"start":{"line":125,"column":8},"end":{"line":125,"column":48}},{"start":{"line":125,"column":48},"end":{"line":125,"column":77}}],"line":125},"26":{"loc":{"start":{"line":128,"column":4},"end":{"line":130,"column":null}},"type":"if","locations":[{"start":{"line":128,"column":4},"end":{"line":130,"column":null}},{"start":{},"end":{}}],"line":128},"27":{"loc":{"start":{"line":128,"column":8},"end":{"line":128,"column":85}},"type":"binary-expr","locations":[{"start":{"line":128,"column":8},"end":{"line":128,"column":52}},{"start":{"line":128,"column":52},"end":{"line":128,"column":85}}],"line":128},"28":{"loc":{"start":{"line":131,"column":4},"end":{"line":133,"column":null}},"type":"if","locations":[{"start":{"line":131,"column":4},"end":{"line":133,"column":null}},{"start":{},"end":{}}],"line":131},"29":{"loc":{"start":{"line":131,"column":8},"end":{"line":131,"column":87}},"type":"binary-expr","locations":[{"start":{"line":131,"column":8},"end":{"line":131,"column":53}},{"start":{"line":131,"column":53},"end":{"line":131,"column":87}}],"line":131},"30":{"loc":{"start":{"line":151,"column":2},"end":{"line":153,"column":null}},"type":"if","locations":[{"start":{"line":151,"column":2},"end":{"line":153,"column":null}},{"start":{},"end":{}}],"line":151},"31":{"loc":{"start":{"line":158,"column":2},"end":{"line":160,"column":null}},"type":"if","locations":[{"start":{"line":158,"column":2},"end":{"line":160,"column":null}},{"start":{},"end":{}}],"line":158},"32":{"loc":{"start":{"line":165,"column":4},"end":{"line":165,"column":null}},"type":"cond-expr","locations":[{"start":{"line":165,"column":43},"end":{"line":165,"column":62}},{"start":{"line":165,"column":62},"end":{"line":165,"column":null}}],"line":165},"33":{"loc":{"start":{"line":169,"column":4},"end":{"line":171,"column":null}},"type":"if","locations":[{"start":{"line":169,"column":4},"end":{"line":171,"column":null}},{"start":{},"end":{}}],"line":169},"34":{"loc":{"start":{"line":169,"column":8},"end":{"line":169,"column":53}},"type":"binary-expr","locations":[{"start":{"line":169,"column":8},"end":{"line":169,"column":22}},{"start":{"line":169,"column":22},"end":{"line":169,"column":53}}],"line":169},"35":{"loc":{"start":{"line":173,"column":4},"end":{"line":181,"column":null}},"type":"if","locations":[{"start":{"line":173,"column":4},"end":{"line":181,"column":null}},{"start":{},"end":{}}],"line":173},"36":{"loc":{"start":{"line":174,"column":6},"end":{"line":178,"column":null}},"type":"binary-expr","locations":[{"start":{"line":174,"column":6},"end":{"line":174,"column":null}},{"start":{"line":175,"column":6},"end":{"line":175,"column":null}},{"start":{"line":176,"column":6},"end":{"line":176,"column":null}},{"start":{"line":177,"column":6},"end":{"line":177,"column":null}},{"start":{"line":178,"column":6},"end":{"line":178,"column":null}}],"line":174},"37":{"loc":{"start":{"line":186,"column":32},"end":{"line":186,"column":80}},"type":"default-arg","locations":[{"start":{"line":186,"column":44},"end":{"line":186,"column":80}}],"line":186},"38":{"loc":{"start":{"line":190,"column":4},"end":{"line":192,"column":null}},"type":"if","locations":[{"start":{"line":190,"column":4},"end":{"line":192,"column":null}},{"start":{},"end":{}}],"line":190},"39":{"loc":{"start":{"line":199,"column":2},"end":{"line":201,"column":null}},"type":"if","locations":[{"start":{"line":199,"column":2},"end":{"line":201,"column":null}},{"start":{},"end":{}}],"line":199},"40":{"loc":{"start":{"line":204,"column":2},"end":{"line":206,"column":null}},"type":"if","locations":[{"start":{"line":204,"column":2},"end":{"line":206,"column":null}},{"start":{},"end":{}}],"line":204},"41":{"loc":{"start":{"line":207,"column":2},"end":{"line":209,"column":null}},"type":"if","locations":[{"start":{"line":207,"column":2},"end":{"line":209,"column":null}},{"start":{},"end":{}}],"line":207},"42":{"loc":{"start":{"line":212,"column":2},"end":{"line":214,"column":null}},"type":"if","locations":[{"start":{"line":212,"column":2},"end":{"line":214,"column":null}},{"start":{},"end":{}}],"line":212},"43":{"loc":{"start":{"line":217,"column":2},"end":{"line":223,"column":null}},"type":"if","locations":[{"start":{"line":217,"column":2},"end":{"line":223,"column":null}},{"start":{},"end":{}}],"line":217},"44":{"loc":{"start":{"line":219,"column":4},"end":{"line":221,"column":null}},"type":"if","locations":[{"start":{"line":219,"column":4},"end":{"line":221,"column":null}},{"start":{},"end":{}}],"line":219},"45":{"loc":{"start":{"line":225,"column":2},"end":{"line":227,"column":null}},"type":"if","locations":[{"start":{"line":225,"column":2},"end":{"line":227,"column":null}},{"start":{},"end":{}}],"line":225},"46":{"loc":{"start":{"line":241,"column":2},"end":{"line":243,"column":null}},"type":"if","locations":[{"start":{"line":241,"column":2},"end":{"line":243,"column":null}},{"start":{},"end":{}}],"line":241},"47":{"loc":{"start":{"line":245,"column":2},"end":{"line":249,"column":null}},"type":"if","locations":[{"start":{"line":245,"column":2},"end":{"line":249,"column":null}},{"start":{"line":247,"column":9},"end":{"line":249,"column":null}}],"line":245},"48":{"loc":{"start":{"line":247,"column":9},"end":{"line":249,"column":null}},"type":"if","locations":[{"start":{"line":247,"column":9},"end":{"line":249,"column":null}},{"start":{},"end":{}}],"line":247},"49":{"loc":{"start":{"line":251,"column":21},"end":{"line":251,"column":null}},"type":"binary-expr","locations":[{"start":{"line":251,"column":21},"end":{"line":251,"column":39}},{"start":{"line":251,"column":39},"end":{"line":251,"column":null}}],"line":251},"50":{"loc":{"start":{"line":252,"column":2},"end":{"line":254,"column":null}},"type":"if","locations":[{"start":{"line":252,"column":2},"end":{"line":254,"column":null}},{"start":{},"end":{}}],"line":252},"51":{"loc":{"start":{"line":257,"column":2},"end":{"line":259,"column":null}},"type":"if","locations":[{"start":{"line":257,"column":2},"end":{"line":259,"column":null}},{"start":{},"end":{}}],"line":257},"52":{"loc":{"start":{"line":300,"column":2},"end":{"line":300,"column":null}},"type":"if","locations":[{"start":{"line":300,"column":2},"end":{"line":300,"column":null}},{"start":{},"end":{}}],"line":300},"53":{"loc":{"start":{"line":309,"column":4},"end":{"line":312,"column":null}},"type":"if","locations":[{"start":{"line":309,"column":4},"end":{"line":312,"column":null}},{"start":{},"end":{}}],"line":309},"54":{"loc":{"start":{"line":315,"column":4},"end":{"line":318,"column":null}},"type":"if","locations":[{"start":{"line":315,"column":4},"end":{"line":318,"column":null}},{"start":{},"end":{}}],"line":315},"55":{"loc":{"start":{"line":323,"column":2},"end":{"line":326,"column":null}},"type":"if","locations":[{"start":{"line":323,"column":2},"end":{"line":326,"column":null}},{"start":{},"end":{}}],"line":323},"56":{"loc":{"start":{"line":340,"column":2},"end":{"line":340,"column":null}},"type":"if","locations":[{"start":{"line":340,"column":2},"end":{"line":340,"column":null}},{"start":{},"end":{}}],"line":340},"57":{"loc":{"start":{"line":344,"column":4},"end":{"line":347,"column":null}},"type":"if","locations":[{"start":{"line":344,"column":4},"end":{"line":347,"column":null}},{"start":{},"end":{}}],"line":344},"58":{"loc":{"start":{"line":352,"column":4},"end":{"line":355,"column":null}},"type":"if","locations":[{"start":{"line":352,"column":4},"end":{"line":355,"column":null}},{"start":{},"end":{}}],"line":352},"59":{"loc":{"start":{"line":352,"column":8},"end":{"line":352,"column":43}},"type":"binary-expr","locations":[{"start":{"line":352,"column":8},"end":{"line":352,"column":25}},{"start":{"line":352,"column":25},"end":{"line":352,"column":43}}],"line":352}},"s":{"0":0,"1":0,"2":0,"3":0,"4":0,"5":0,"6":0,"7":0,"8":0,"9":0,"10":0,"11":0,"12":0,"13":0,"14":0,"15":0,"16":0,"17":0,"18":0,"19":0,"20":0,"21":0,"22":0,"23":0,"24":0,"25":0,"26":0,"27":0,"28":0,"29":0,"30":0,"31":0,"32":0,"33":0,"34":0,"35":0,"36":0,"37":0,"38":0,"39":0,"40":0,"41":0,"42":0,"43":0,"44":0,"45":0,"46":0,"47":6,"48":0,"49":6,"50":6,"51":13,"52":9,"53":4,"54":4,"55":4,"56":2,"57":0,"58":0,"59":0,"60":0,"61":0,"62":0,"63":0,"64":0,"65":0,"66":0,"67":0,"68":0,"69":0,"70":0,"71":0,"72":0,"73":0,"74"
[...]
ined:undefined:undefined":41,"s:272:8:275:Infinity":117,"s:273:10:273:Infinity":118,"s:274:10:274:Infinity":119,"s:276:8:276:Infinity":120,"s:277:8:277:Infinity":121,"s:280:29:280:Infinity":122,"b:281:6:383:Infinity:undefined:undefined:undefined:undefined":42,"s:281:6:383:Infinity":123,"b:282:8:358:Infinity:undefined:undefined:undefined:undefined":43,"s:282:8:358:Infinity":124,"b:283:10:286:Infinity:undefined:undefined:undefined:undefined":44,"s:283:10:286:Infinity":125,"s:284:12:284:Infinity":126,"s:285:12:285:Infinity":127,"s:288:21:288:Infinity":128,"f:288:34:288:40":17,"s:288:46:288:74":129,"s:289:22:289:Infinity":130,"f:289:35:289:41":18,"s:289:47:289:75":131,"b:290:10:293:Infinity:undefined:undefined:undefined:undefined":45,"s:290:10:293:Infinity":132,"b:290:14:290:21:290:21:290:27":46,"s:291:12:291:Infinity":133,"s:292:12:292:Infinity":134,"b:295:10:305:Infinity:undefined:undefined:undefined:undefined":47,"s:295:10:305:Infinity":135,"s:296:12:296:Infinity":136,"s:297:12:303:Infinity":137,"f:297:12:297:21":19,"s:297:31:303:14":138,"f:300:36:300:41":20,"s:301:16:301:Infinity":139,"b:301:43:301:68:301:68:301:Infinity":48,"s:304:12:304:Infinity":140,"s:307:16:307:Infinity":141,"b:309:10:327:Infinity:undefined:undefined:undefined:undefined":49,"s:309:10:327:Infinity":142,"s:310:12:310:Infinity":143,"s:311:12:311:Infinity":144,"s:312:12:325:Infinity":145,"f:312:12:312:21":21,"s:312:31:325:14":146,"f:316:36:316:41":22,"b:317:16:319:Infinity:undefined:undefined:undefined:undefined":50,"s:317:16:319:Infinity":147,"s:318:18:318:Infinity":148,"b:320:16:322:Infinity:undefined:undefined:undefined:undefined":51,"s:320:16:322:Infinity":149,"s:321:18:321:Infinity":150,"s:323:16:323:Infinity":151,"s:326:12:326:Infinity":152,"s:329:10:341:Infinity":153,"f:329:10:329:19":23,"s:329:29:341:12":154,"f:332:34:332:39":24,"b:333:14:335:Infinity:undefined:undefined:undefined:undefined":52,"s:333:14:335:Infinity":155,"s:334:16:334:Infinity":156,"b:336:14:338:Infinity:undefined:undefined:undefined:undefined":53,"s:336:14:338:Infinity":157,"s:337:16:337:Infinity":158,"s:339:14:339:Infinity":159,"s:343:23:343:Infinity":160,"b:344:10:356:Infinity:347:17:356:Infinity":54,"s:344:10:356:Infinity":161,"s:345:12:345:Infinity":162,"s:346:12:346:Infinity":163,"b:347:17:356:Infinity:350:17:356:Infinity":55,"s:347:17:356:Infinity":164,"s:348:12:348:Infinity":165,"s:349:12:349:Infinity":166,"b:350:17:356:Infinity:353:17:356:Infinity":56,"s:350:17:356:Infinity":167,"s:351:12:351:Infinity":168,"s:352:12:352:Infinity":169,"b:353:17:356:Infinity:undefined:undefined:undefined:undefined":57,"s:353:17:356:Infinity":170,"s:354:12:354:Infinity":171,"s:355:12:355:Infinity":172,"s:357:10:357:Infinity":173,"b:359:8:362:Infinity:undefined:undefined:undefined:undefined":58,"s:359:8:362:Infinity":174,"s:360:10:360:Infinity":175,"s:361:10:361:Infinity":176,"s:363:8:363:Infinity":177,"s:364:8:364:Infinity":178,"s:365:8:381:Infinity":179,"s:367:12:369:Infinity":180,"b:368:16:368:Infinity:369:16:369:Infinity":59,"b:367:12:367:42:367:42:367:Infinity":60,"s:370:10:375:Infinity":181,"s:376:10:376:Infinity":182,"s:378:10:378:Infinity":183,"b:378:40:378:52:378:52:378:71":61,"s:380:10:380:Infinity":184,"s:382:8:382:Infinity":185,"b:385:6:388:Infinity:undefined:undefined:undefined:undefined":62,"s:385:6:388:Infinity":186,"s:386:8:386:Infinity":187,"s:387:8:387:Infinity":188,"s:390:22:390:Infinity":189,"b:391:6:393:Infinity:undefined:undefined:undefined:undefined":63,"s:391:6:393:Infinity":190,"s:392:8:392:Infinity":191,"s:394:6:394:Infinity":192,"s:416:2:422:Infinity":193},"fnNames":{}}}
,"C:\\Users\\User\\StellPoker\\app\\src\\lib\\use-solo-betting.ts": {"path":"C:\\Users\\User\\StellPoker\\app\\src\\lib\\use-solo-betting.ts","statementMap":{"0":{"start":{"line":4,"column":13},"end":{"line":4,"column":null}},"1":{"start":{"line":5,"column":2},"end":{"line":8,"column":null}},"2":{"start":{"line":5,"column":15},"end":{"line":5,"column":18}},"3":{"start":{"line":6,"column":4},"end":{"line":6,"column":null}},"4":{"start":{"line":7,"column":4},"end":{"line":7,"column":null}},"5":{"start":{"line":9,"column":2},"end":{"line":9,"column":null}},"6":{"start":{"line":30,"column":13},"end":{"line":30,"column":null}},"7":{"start":{"line":30,"column":38},"end":{"line":30,"column":61}},"8":{"start":{"line":31,"column":14},"end":{"line":31,"column":null}},"9":{"start":{"line":31,"column":39},"end":{"line":31,"column":63}},"10":{"start":{"line":33,"column":16},"end":{"line":33,"column":null}},"11":{"start":{"line":34,"column":15},"end":{"line":34,"column":null}},"12":{"start":{"line":35,"column":18},"end":{"line":35,"column":null}},"13":{"start":{"line":36,"column":17},"end":{"line":36,"column":null}},"14":{"start":{"line":37,"column":25},"end":{"line":37,"column":null}},"15":{"start":{"line":38,"column":12},"end":{"line":38,"column":null}},"16":{"start":{"line":39,"column":18},"end":{"line":39,"column":null}},"17":{"start":{"line":40,"column":25},"end":{"line":40,"column":null}},"18":{"start":{"line":42,"column":2},"end":{"line":60,"column":null}},"19":{"start":{"line":43,"column":23},"end":{"line":43,"column":null}},"20":{"start":{"line":44,"column":4},"end":{"line":44,"column":null}},"21":{"start":{"line":45,"column":4},"end":{"line":45,"column":null}},"22":{"start":{"line":46,"column":4},"end":{"line":46,"column":null}},"23":{"start":{"line":47,"column":9},"end":{"line":60,"column":null}},"24":{"start":{"line":48,"column":4},"end":{"line":48,"column":null}},"25":{"start":{"line":49,"column":4},"end":{"line":49,"column":null}},"26":{"start":{"line":50,"column":4},"end":{"line":50,"column":null}},"27":{"start":{"line":51,"column":9},"end":{"line":60,"column":null}},"28":{"start":{"line":53,"column":6},"end":{"line":55,"column":null}},"29":{"start":{"line":56,"column":22},"end":{"line":56,"column":null}},"30":{"start":{"line":57,"column":4},"end":{"line":57,"column":null}},"31":{"start":{"line":58,"column":4},"end":{"line":58,"column":null}},"32":{"start":{"line":59,"column":4},"end":{"line":59,"column":null}},"33":{"start":{"line":62,"column":24},"end":{"line":62,"column":null}},"34":{"start":{"line":63,"column":22},"end":{"line":63,"column":null}},"35":{"start":{"line":65,"column":2},"end":{"line":81,"column":null}},"36":{"start":{"line":66,"column":4},"end":{"line":66,"column":null}},"37":{"start":{"line":68,"column":21},"end":{"line":68,"column":null}},"38":{"start":{"line":69,"column":17},"end":{"line":71,"column":null}},"39":{"start":{"line":72,"column":4},"end":{"line":80,"column":null}},"40":{"start":{"line":77,"column":6},"end":{"line":77,"column":null}},"41":{"start":{"line":79,"column":6},"end":{"line":79,"column":null}},"42":{"start":{"line":83,"column":2},"end":{"line":87,"column":null}},"43":{"start":{"line":84,"column":4},"end":{"line":84,"column":null}},"44":{"start":{"line":85,"column":4},"end":{"line":85,"column":null}},"45":{"start":{"line":86,"column":4},"end":{"line":86,"column":null}},"46":{"start":{"line":89,"column":2},"end":{"line":89,"column":null}},"47":{"start":{"line":92,"column":4},"end":{"line":98,"column":null}},"48":{"start":{"line":100,"column":2},"end":{"line":108,"column":null}}},"fnMap":{"0":{"name":"deterministicPercent","decl":{"start":{"line":3,"column":9},"end":{"line":3,"column":30}},"loc":{"start":{"line":3,"column":52},"end":{"line":10,"column":null}},"line":3},"1":{"name":"computeSoloBet","decl":{"start":{"line":22,"column":16},"end":{"line":22,"column":null}},"loc":{"start":{"line":29,"column":17},"end":{"line":109,"column":null}},"line":29},"2":{"name":"(anonymous_2)","decl":{"start":{"line":30,"column":26},"end":{"line":30,"column":32}},"loc":{"start":{"line":30,"column":38},"end":{"line":30,"column":61}},"line":30},"3":{"name":"(anonymous_3)","decl":{"start":{"line":31,"column":27},"end":{"line":31,"column":33}},"loc":{"start":{"line":31,"column":39},"end":{"line":31,"column":63}},"line":31}},"branchMap":{"0":{"loc":{"start":{"line":42,"column":2},"end":{"line":60,"column":null}},"type":"if","locations":[{"start":{"line":42,"column":2},"end":{"line":60,"column":null}},{"start":{"line":47,"column":9},"end":{"line":60,"column":null}}],"line":42},"1":{"loc":{"start":{"line":42,"column":6},"end":{"line":42,"column":47}},"type":"binary-expr","locations":[{"start":{"line":42,"column":6},"end":{"line":42,"column":27}},{"start":{"line":42,"column":27},"end":{"line":42,"column":47}}],"line":42},"2":{"loc":{"start":{"line":47,"column":9},"end":{"line":60,"column":null}},"type":"if","locations":[{"start":{"line":47,"column":9},"end":{"line":60,"column":null}},{"start":{"line":51,"column":9},"end":{"line":60,"column":null}}],"line":47},"3":{"loc":{"start":{"line":51,"column":9},"end":{"line":60,"column":null}},"type":"if","locations":[{"start":{"line":51,"column":9},"end":{"line":60,"column":null}},{"start":{},"end":{}}],"line":51},"4":{"loc":{"start":{"line":51,"column":13},"end":{"line":51,"column":53}},"type":"binary-expr","locations":[{"start":{"line":51,"column":13},"end":{"line":51,"column":33}},{"start":{"line":51,"column":33},"end":{"line":51,"column":53}}],"line":51},"5":{"loc":{"start":{"line":53,"column":6},"end":{"line":55,"column":null}},"type":"cond-expr","locations":[{"start":{"line":54,"column":10},"end":{"line":54,"column":null}},{"start":{"line":55,"column":10},"end":{"line":55,"column":null}}],"line":53},"6":{"loc":{"start":{"line":53,"column":6},"end":{"line":53,"column":null}},"type":"binary-expr","locations":[{"start":{"line":53,"column":6},"end":{"line":53,"column":36}},{"start":{"line":53,"column":36},"end":{"line":53,"column":null}}],"line":53},"7":{"loc":{"start":{"line":65,"column":2},"end":{"line":81,"column":null}},"type":"if","locations":[{"start":{"line":65,"column":2},"end":{"line":81,"column":null}},{"start":{"line":67,"column":9},"end":{"line":81,"column":null}}],"line":65},"8":{"loc":{"start":{"line":72,"column":4},"end":{"line":80,"column":null}},"type":"if","locations":[{"start":{"line":72,"column":4},"end":{"line":80,"column":null}},{"start":{"line":78,"column":11},"end":{"line":80,"column":null}}],"line":72},"9":{"loc":{"start":{"line":73,"column":7},"end":{"line":75,"column":null}},"type":"binary-expr","locations":[{"start":{"line":73,"column":7},"end":{"line":73,"column":25}},{"start":{"line":73,"column":25},"end":{"line":73,"column":null}},{"start":{"line":74,"column":7},"end":{"line":74,"column":26}},{"start":{"line":74,"column":26},"end":{"line":74,"column":null}},{"start":{"line":75,"column":7},"end":{"line":75,"column":26}},{"start":{"line":75,"column":26},"end":{"line":75,"column":null}}],"line":73},"10":{"loc":{"start":{"line":83,"column":2},"end":{"line":87,"column":null}},"type":"if","locations":[{"start":{"line":83,"column":2},"end":{"line":87,"column":null}},{"start":{},"end":{}}],"line":83},"11":{"loc":{"start":{"line":83,"column":6},"end":{"line":83,"column":46}},"type":"binary-expr","locations":[{"start":{"line":83,"column":6},"end":{"line":83,"column":29}},{"start":{"line":83,"column":29},"end":{"line":83,"column":46}}],"line":83},"12":{"loc":{"start":{"line":92,"column":4},"end":{"line":98,"column":null}},"type":"cond-expr","locations":[{"start":{"line":93,"column":8},"end":{"line":93,"column":null}},{"start":{"line":94,"column":8},"end":{"line":98,"column":null}}],"line":92},"13":{"loc":{"start":{"line":94,"column":8},"end":{"line":98,"column":null}},"type":"cond-expr","locations":[{"start":{"line":95,"column":10},"end":{"line":95,"column":null}},{"start":{"line":96,"column":10},"end":{"line":98,"column":null}}],"line":94},"14":{"loc":{"start":{"line":96,"column":10},"end":{"line":98,"column":null}},"type":"cond-expr","locations":[{"start":{"line":97,"column":12},"end":{"line":97,"column":null}},{"start":{"line":98,"column":12},"end":{"line":98,"column":null}}],"line":96}},"s":{"0":0,"1":0,"2":0,"3":0,"4":0,"5":0,"6":0,"7":0,"8":0,"9":0,"10":0,"11":0,"12":0,"13":0,"14":0,"15":0,"16":0,"17":0,"18":0,"19":0,"20":0,"21":0,"22":0,"23":0,"24":0,"25":0,"26":0,"27":0,"28":0,"29":0,"30":0,"31":0,"32":0,"33":0,"34":0,"35":0,"36":0,"37":0,"38":0,"39":0,"40":0,"41":0,"42":0,"43":0,"44":0,"45":0,"46":0,"47":0,"48":0},"f":{"0":0,"1":0,"2":0,"3":0},"b":{"0":[0,0],"1":[0,0],"2":[0,0],"3":[0,0],"4":[0,0],"5":[0,0],"6":[0,0],"7":[0,0],"8":[0,0],"9":[0,0,0,0,0,0],"10":[0,0],"11":[0,0],"12":[0,0],"13":[0,0],"14":[0,0]},"meta":{"lastBranch":15,"lastFunction":4,"lastStatement":49,"seen":{"f:3:9:3:30":0,"s:4:13:4:Infinity":0,"s:5:2:8:Infinity":1,"s:5:15:5:18":2,"s:6:4:6:Infinity":3,"s:7:4:7:Infinity":4,"s:9:2:9:Infinity":5,"f:22:16:22:Infinity":1,"s:30:13:30:Infinity":6,"f:30:26:30:32":2,"s:30:38:30:61":7,"s:31:14:31:Infinity":8,"f:31:27:31:33":3,"s:31:39:31:63":9,"s:33:16:33:Infinity":10,"s:34:15:34:Infinity":11,"s:35:18:35:Infinity":12,"s:36:17:36:Infinity":13,"s:37:25:37:Infinity":14,"s:38:12:38:Infinity":15,"s:39:18:39:Infinity":16,"s:40:25:40:Infinity":17,"b:42:2:60:Infinity:47:9:60:Infinity":0,"s:42:2:60:Infinity":18,"b:42:6:42:27:42:27:42:47":1,"s:43:23:43:Infinity":19,"s:44:4:44:Infinity":20,"s:45:4:45:Infinity":21,"s:46:4:46:Infinity":22,"b:47:9:60:Infinity:51:9:60:Infinity":2,"s:47:9:60:Infinity":23,"s:48:4:48:Infinity":24,"s:49:4:49:Infinity":25,"s:50:4:50:Infinity":26,"b:51:9:60:Infinity:undefined:undefined:undefined:undefined":3,"s:51:9:60:Infinity":27,"b:51:13:51:33:51:33:51:53":4,"s:53:6:55:Infinity":28,"b:54:10:54:Infinity:55:10:55:Infinity":5,"b:53:6:53:36:53:36:53:Infinity":6,"s:56:22:56:Infinity":29,"s:57:4:57:Infinity":30,"s:58:4:58:Infinity":31,"s:59:4:59:Infinity":32,"s:62:24:62:Infinity":33,"s:63:22:63:Infinity":34,"b:65:2:81:Infinity:67:9:81:Infinity":7,"s:65:2:81:Infinity":35,"s:66:4:66:Infinity":36,"s:68:21:68:Infinity":37,"s:69:17:71:Infinity":38,"b:72:4:80:Infinity:78:11:80:Infinity":8,"s:72:4:80:Infinity":39,"b:73:7:73:25:73:25:73:Infinity:74:7:74:26:74:26:74:Infinity:75:7:75:26:75:26:75:Infinity":9,"s:77:6:77:Infinity":40,"s:79:6:79:Infinity":41,"b:83:2:87:Infinity:undefined:undefined:undefined:undefined":10,"s:83:2:87:Infinity":42,"b:83:6:83:29:83:29:83:46":11,"s:84:4:84:Infinity":43,"s:85:4:85:Infinity":44,"s:86:4:86:Infinity":45,"s:89:2:89:Infinity":46,"s:92:4:98:Infinity":47,"b:93:8:93:Infinity:94:8:98:Infinity":12,"b:95:10:95:Infinity:96:10:98:Infinity":13,"b:97:12:97:Infinity:98:12:98:Infinity":14,"s:100:2:108:Infinity":48},"fnNames":{}}}
,"C:\\Users\\User\\StellPoker\\app\\src\\lib\\wallet.ts": {"path":"C:\\Users\\User\\StellPoker\\app\\src\\lib\\wallet.ts","statementMap":{"0":{"start":{"line":27,"column":58},"end":{"line":30,"column":null}},"1":{"start":{"line":33,"column":32},"end":{"line":33,"column":null}},"2":{"start":{"line":35,"column":2},"end":{"line":35,"column":null}},"3":{"start":{"line":35,"column":37},"end":{"line":35,"column":null}},"4":{"start":{"line":37,"column":2},"end":{"line":43,"column":null}},"5":{"start":{"line":38,"column":4},"end":{"line":42,"column":null}},"6":{"start":{"line":45,"column":2},"end":{"line":51,"column":null}},"7":{"start":{"line":46,"column":4},"end":{"line":50,"column":null}},"8":{"start":{"line":53,"column":2},"end":{"line":58,"column":null}},"9":{"start":{"line":54,"column":4},"end":{"line":57,"column":null}},"10":{"start":{"line":60,"column":2},"end":{"line":60,"column":null}},"11":{"start":{"line":64,"column":2},"end":{"line":69,"column":null}},"12":{"start":{"line":66,"column":6},"end":{"line":66,"column":null}},"13":{"start":{"line":68,"column":6},"end":{"line":68,"column":null}},"14":{"start":{"line":73,"column":27},"end":{"line":73,"column":null}},"15":{"start":{"line":74,"column":2},"end":{"line":74,"column":null}},"16":{"start":{"line":74,"column":24},"end":{"line":74,"column":null}},"17":{"start":{"line":76,"column":24},"end":{"line":76,"column":null}},"18":{"start":{"line":77,"column":2},"end":{"line":77,"column":null}},"19":{"start":{"line":77,"column":21},"end":{"line":77,"column":null}},"20":{"start":{"line":79,"column":2},"end":{"line":79,"column":null}},"21":{"start":{"line":83,"column":15},"end":{"line":83,"column":null}},"22":{"start":{"line":84,"column":2},"end":{"line":84,"column":null}}},"fnMap":{"0":{"name":"detectInstalledWallets","decl":{"start":{"line":32,"column":16},"end":{"line":32,"column":55}},"loc":{"start":{"line":32,"column":55},"end":{"line":61,"column":null}},"line":32},"1":{"name":"connectWallet","decl":{"start":{"line":63,"column":22},"end":{"line":63,"column":36}},"loc":{"start":{"line":63,"column":78},"end":{"line":70,"column":null}},"line":63},"2":{"name":"trySilentReconnect","decl":{"start":{"line":72,"column":22},"end":{"line":72,"column":74}},"loc":{"start":{"line":72,"column":74},"end":{"line":80,"column":null}},"line":72},"3":{"name":"getWalletDisplayName","decl":{"start":{"line":82,"column":16},"end":{"line":82,"column":37}},"loc":{"start":{"line":82,"column":69},"end":{"line":85,"column":null}},"line":82}},"branchMap":{"0":{"loc":{"start":{"line":35,"column":2},"end":{"line":35,"column":null}},"type":"if","locations":[{"start":{"line":35,"column":2},"end":{"line":35,"column":null}},{"start":{},"end":{}}],"line":35},"1":{"loc":{"start":{"line":37,"column":2},"end":{"line":43,"column":null}},"type":"if","locations":[{"start":{"line":37,"column":2},"end":{"line":43,"column":null}},{"start":{},"end":{}}],"line":37},"2":{"loc":{"start":{"line":45,"column":2},"end":{"line":51,"column":null}},"type":"if","locations":[{"start":{"line":45,"column":2},"end":{"line":51,"column":null}},{"start":{},"end":{}}],"line":45},"3":{"loc":{"start":{"line":53,"column":2},"end":{"line":58,"column":null}},"type":"if","locations":[{"start":{"line":53,"column":2},"end":{"line":58,"column":null}},{"start":{},"end":{}}],"line":53},"4":{"loc":{"start":{"line":64,"column":2},"end":{"line":69,"column":null}},"type":"switch","locations":[{"start":{"line":65,"column":4},"end":{"line":66,"column":null}},{"start":{"line":67,"column":4},"end":{"line":68,"column":null}}],"line":64},"5":{"loc":{"start":{"line":74,"column":2},"end":{"line":74,"column":null}},"type":"if","locations":[{"start":{"line":74,"column":2},"end":{"line":74,"column":null}},{"start":{},"end":{}}],"line":74},"6":{"loc":{"start":{"line":77,"column":2},"end":{"line":77,"column":null}},"type":"if","locations":[{"start":{"line":77,"column":2},"end":{"line":77,"column":null}},{"start":{},"end":{}}],"line":77},"7":{"loc":{"start":{"line":84,"column":9},"end":{"line":84,"column":null}},"type":"cond-expr","locations":[{"start":{"line":84,"column":16},"end":{"line":84,"column":28}},{"start":{"line":84,"column":28},"end":{"line":84,"column":null}}],"line":84}},"s":{"0":1,"1":2,"2":2,"3":0,"4":2,"5":1,"6":2,"7":1,"8":2,"9":1,"10":2,"11":0,"12":0,"13":0,"14":1,"15":1,"16":0,"17":1,"18":1,"19":0,"20":1,"21":2,"22":2},"f":{"0":2,"1":0,"2":1,"3":2},"b":{"0":[0,2],"1":[1,1],"2":[1,1],"3":[1,1],"4":[0,0],"5":[0,1],"6":[0,1],"7":[2,0]},"meta":{"lastBranch":8,"lastFunction":4,"lastStatement":23,"seen":{"s:27:58:30:Infinity":0,"f:32:16:32:55":0,"s:33:32:33:Infinity":1,"b:35:2:35:Infinity:undefined:undefined:undefined:undefined":0,"s:35:2:35:Infinity":2,"s:35:37:35:Infinity":3,"b:37:2:43:Infinity:undefined:undefined:undefined:undefined":1,"s:37:2:43:Infinity":4,"s:38:4:42:Infinity":5,"b:45:2:51:Infinity:undefined:undefined:undefined:undefined":2,"s:45:2:51:Infinity":6,"s:46:4:50:Infinity":7,"b:53:2:58:Infinity:undefined:undefined:undefined:undefined":3,"s:53:2:58:Infinity":8,"s:54:4:57:Infinity":9,"s:60:2:60:Infinity":10,"f:63:22:63:36":1,"b:65:4:66:Infinity:67:4:68:Infinity":4,"s:64:2:69:Infinity":11,"s:66:6:66:Infinity":12,"s:68:6:68:Infinity":13,"f:72:22:72:74":2,"s:73:27:73:Infinity":14,"b:74:2:74:Infinity:undefined:undefined:undefined:undefined":5,"s:74:2:74:Infinity":15,"s:74:24:74:Infinity":16,"s:76:24:76:Infinity":17,"b:77:2:77:Infinity:undefined:undefined:undefined:undefined":6,"s:77:2:77:Infinity":18,"s:77:21:77:Infinity":19,"s:79:2:79:Infinity":20,"f:82:16:82:37":3,"s:83:15:83:Infinity":21,"s:84:2:84:Infinity":22,"b:84:16:84:28:84:28:84:Infinity":7},"fnNames":{}}}
}
